<?xml version="1.0" encoding="UTF-8"?>
<coverage generated="1507686262590" clover="3.2.0">
  <project timestamp="1507686262591" name="All files">
    <metrics statements="379" coveredstatements="305" conditionals="150" coveredconditionals="97" methods="132" coveredmethods="105" elements="661" coveredelements="507" complexity="0" loc="379" ncloc="379" packages="4" files="18" classes="18">
      <package name="components">
        <metrics statements="264" coveredstatements="213" conditionals="96" coveredconditionals="63" methods="100" coveredmethods="76"/>
        <file name="Claim.js" path="/Users/fet/wd/phetter/neon-wallet/app/components/Claim.js">
          <metrics statements="34" coveredstatements="33" conditionals="14" coveredconditionals="12" methods="10" coveredmethods="8"/>
          <line num="12" count="2" type="stmt"/>
          <line num="13" count="2" type="stmt"/>
          <line num="14" count="2" type="stmt"/>
          <line num="15" count="2" type="cond" truecount="2" falsecount="0"/>
          <line num="16" count="1" type="stmt"/>
          <line num="17" count="1" type="stmt"/>
          <line num="19" count="1" type="stmt"/>
          <line num="21" count="2" type="stmt"/>
          <line num="27" count="2" type="stmt"/>
          <line num="29" count="2" type="cond" truecount="1" falsecount="1"/>
          <line num="30" count="0" type="stmt"/>
          <line num="32" count="2" type="stmt"/>
          <line num="33" count="2" type="stmt"/>
          <line num="34" count="2" type="stmt"/>
          <line num="35" count="2" type="cond" truecount="4" falsecount="0"/>
          <line num="36" count="1" type="stmt"/>
          <line num="38" count="1" type="stmt"/>
          <line num="39" count="1" type="stmt"/>
          <line num="40" count="1" type="stmt"/>
          <line num="46" count="2" type="stmt"/>
          <line num="48" count="2" type="stmt"/>
          <line num="50" count="2" type="cond" truecount="3" falsecount="1"/>
          <line num="51" count="2" type="stmt"/>
          <line num="52" count="2" type="stmt"/>
          <line num="57" count="2" type="stmt"/>
          <line num="58" count="2" type="stmt"/>
          <line num="62" count="10" type="stmt"/>
          <line num="64" count="10" type="cond" truecount="2" falsecount="0"/>
          <line num="65" count="7" type="stmt"/>
          <line num="67" count="3" type="stmt"/>
          <line num="74" count="10" type="stmt"/>
          <line num="78" count="8" type="stmt"/>
          <line num="89" count="2" type="stmt"/>
          <line num="101" count="2" type="stmt"/>
        </file>
        <file name="LoginNep2.js" path="/Users/fet/wd/phetter/neon-wallet/app/components/LoginNep2.js">
          <metrics statements="26" coveredstatements="25" conditionals="8" coveredconditionals="6" methods="13" coveredmethods="9"/>
          <line num="12" count="1" type="stmt"/>
          <line num="17" count="1" type="stmt"/>
          <line num="18" count="3" type="cond" truecount="2" falsecount="0"/>
          <line num="19" count="1" type="stmt"/>
          <line num="20" count="1" type="stmt"/>
          <line num="21" count="1" type="stmt"/>
          <line num="24" count="2" type="stmt"/>
          <line num="25" count="2" type="stmt"/>
          <line num="26" count="2" type="stmt"/>
          <line num="27" count="2" type="stmt"/>
          <line num="28" count="1" type="stmt"/>
          <line num="29" count="1" type="stmt"/>
          <line num="30" count="1" type="stmt"/>
          <line num="32" count="1" type="stmt"/>
          <line num="33" count="1" type="stmt"/>
          <line num="38" count="1" type="stmt"/>
          <line num="44" count="0" type="stmt"/>
          <line num="50" count="5" type="stmt"/>
          <line num="51" count="5" type="stmt"/>
          <line num="53" count="5" type="stmt"/>
          <line num="58" count="4" type="cond" truecount="1" falsecount="1"/>
          <line num="63" count="4" type="stmt"/>
          <line num="66" count="3" type="stmt"/>
          <line num="77" count="6" type="stmt"/>
          <line num="81" count="1" type="stmt"/>
          <line num="87" count="1" type="stmt"/>
        </file>
        <file name="LoginPrivateKey.js" path="/Users/fet/wd/phetter/neon-wallet/app/components/LoginPrivateKey.js">
          <metrics statements="22" coveredstatements="8" conditionals="8" coveredconditionals="4" methods="10" coveredmethods="5"/>
          <line num="18" count="1" type="stmt"/>
          <line num="24" count="0" type="stmt"/>
          <line num="26" count="0" type="stmt"/>
          <line num="32" count="0" type="stmt"/>
          <line num="33" count="0" type="stmt"/>
          <line num="35" count="0" type="stmt"/>
          <line num="39" count="2" type="stmt"/>
          <line num="40" count="2" type="stmt"/>
          <line num="42" count="2" type="stmt"/>
          <line num="65" count="1" type="stmt"/>
          <line num="72" count="2" type="stmt"/>
          <line num="77" count="1" type="stmt"/>
          <line num="78" count="2" type="stmt"/>
          <line num="82" count="0" type="stmt"/>
          <line num="85" count="0" type="stmt"/>
          <line num="87" count="0" type="stmt"/>
          <line num="89" count="0" type="stmt"/>
          <line num="94" count="0" type="cond" truecount="0" falsecount="4"/>
          <line num="95" count="0" type="stmt"/>
          <line num="96" count="0" type="stmt"/>
          <line num="98" count="0" type="stmt"/>
          <line num="99" count="0" type="stmt"/>
        </file>
        <file name="Logout.js" path="/Users/fet/wd/phetter/neon-wallet/app/components/Logout.js">
          <metrics statements="5" coveredstatements="5" conditionals="0" coveredconditionals="0" methods="3" coveredmethods="3"/>
          <line num="9" count="1" type="stmt"/>
          <line num="10" count="2" type="stmt"/>
          <line num="17" count="2" type="stmt"/>
          <line num="20" count="1" type="stmt"/>
          <line num="24" count="1" type="stmt"/>
        </file>
        <file name="NetworkSwitch.js" path="/Users/fet/wd/phetter/neon-wallet/app/components/NetworkSwitch.js">
          <metrics statements="66" coveredstatements="55" conditionals="22" coveredconditionals="12" methods="24" coveredmethods="19"/>
          <line num="12" count="3" type="stmt"/>
          <line num="16" count="3" type="stmt"/>
          <line num="17" count="2" type="stmt"/>
          <line num="18" count="2" type="stmt"/>
          <line num="19" count="2" type="cond" truecount="3" falsecount="1"/>
          <line num="21" count="2" type="cond" truecount="2" falsecount="2"/>
          <line num="22" count="0" type="stmt"/>
          <line num="23" count="0" type="stmt"/>
          <line num="31" count="3" type="stmt"/>
          <line num="32" count="6" type="stmt"/>
          <line num="33" count="6" type="stmt"/>
          <line num="34" count="6" type="stmt"/>
          <line num="35" count="6" type="stmt"/>
          <line num="41" count="3" type="stmt"/>
          <line num="42" count="6" type="stmt"/>
          <line num="43" count="6" type="stmt"/>
          <line num="44" count="6" type="stmt"/>
          <line num="45" count="6" type="stmt"/>
          <line num="46" count="6" type="stmt"/>
          <line num="47" count="6" type="stmt"/>
          <line num="48" count="6" type="cond" truecount="3" falsecount="1"/>
          <line num="49" count="0" type="stmt"/>
          <line num="51" count="6" type="stmt"/>
          <line num="53" count="6" type="stmt"/>
          <line num="55" count="0" type="stmt"/>
          <line num="56" count="0" type="stmt"/>
          <line num="63" count="3" type="stmt"/>
          <line num="64" count="6" type="stmt"/>
          <line num="65" count="6" type="stmt"/>
          <line num="66" count="6" type="stmt"/>
          <line num="68" count="6" type="stmt"/>
          <line num="72" count="3" type="stmt"/>
          <line num="73" count="6" type="stmt"/>
          <line num="74" count="6" type="stmt"/>
          <line num="78" count="3" type="stmt"/>
          <line num="79" count="9" type="stmt"/>
          <line num="80" count="9" type="stmt"/>
          <line num="81" count="9" type="stmt"/>
          <line num="82" count="0" type="cond" truecount="0" falsecount="2"/>
          <line num="83" count="0" type="stmt"/>
          <line num="85" count="0" type="cond" truecount="0" falsecount="2"/>
          <line num="86" count="0" type="stmt"/>
          <line num="89" count="9" type="stmt"/>
          <line num="93" count="3" type="stmt"/>
          <line num="94" count="4" type="cond" truecount="2" falsecount="0"/>
          <line num="95" count="3" type="stmt"/>
          <line num="97" count="4" type="stmt"/>
          <line num="98" count="0" type="stmt"/>
          <line num="102" count="3" type="stmt"/>
          <line num="104" count="1" type="cond" truecount="1" falsecount="1"/>
          <line num="105" count="1" type="stmt"/>
          <line num="107" count="0" type="stmt"/>
          <line num="109" count="1" type="stmt"/>
          <line num="110" count="1" type="stmt"/>
          <line num="111" count="1" type="cond" truecount="1" falsecount="1"/>
          <line num="112" count="1" type="stmt"/>
          <line num="116" count="3" type="stmt"/>
          <line num="118" count="2" type="stmt"/>
          <line num="119" count="2" type="stmt"/>
          <line num="120" count="2" type="stmt"/>
          <line num="124" count="2" type="stmt"/>
          <line num="125" count="2" type="stmt"/>
          <line num="128" count="1" type="stmt"/>
          <line num="134" count="4" type="stmt"/>
          <line num="139" count="3" type="stmt"/>
          <line num="145" count="3" type="stmt"/>
        </file>
        <file name="Send.js" path="/Users/fet/wd/phetter/neon-wallet/app/components/Send.js">
          <metrics statements="68" coveredstatements="56" conditionals="32" coveredconditionals="26" methods="22" coveredmethods="18"/>
          <line num="14" count="1" type="stmt"/>
          <line num="16" count="8" type="stmt"/>
          <line num="17" count="8" type="cond" truecount="4" falsecount="0"/>
          <line num="18" count="1" type="stmt"/>
          <line num="19" count="1" type="stmt"/>
          <line num="20" count="1" type="stmt"/>
          <line num="23" count="0" type="stmt"/>
          <line num="24" count="0" type="stmt"/>
          <line num="25" count="0" type="stmt"/>
          <line num="27" count="7" type="cond" truecount="4" falsecount="0"/>
          <line num="28" count="1" type="stmt"/>
          <line num="29" count="1" type="stmt"/>
          <line num="30" count="1" type="stmt"/>
          <line num="31" count="6" type="cond" truecount="4" falsecount="0"/>
          <line num="32" count="1" type="stmt"/>
          <line num="33" count="1" type="stmt"/>
          <line num="34" count="1" type="stmt"/>
          <line num="35" count="5" type="cond" truecount="4" falsecount="0"/>
          <line num="36" count="1" type="stmt"/>
          <line num="37" count="1" type="stmt"/>
          <line num="38" count="1" type="stmt"/>
          <line num="39" count="4" type="cond" truecount="2" falsecount="0"/>
          <line num="40" count="1" type="stmt"/>
          <line num="41" count="1" type="stmt"/>
          <line num="42" count="1" type="stmt"/>
          <line num="44" count="3" type="stmt"/>
          <line num="48" count="1" type="stmt"/>
          <line num="49" count="7" type="cond" truecount="2" falsecount="0"/>
          <line num="50" count="2" type="stmt"/>
          <line num="55" count="1" type="stmt"/>
          <line num="57" count="1" type="cond" truecount="1" falsecount="1"/>
          <line num="58" count="1" type="stmt"/>
          <line num="59" count="0" type="cond" truecount="0" falsecount="2"/>
          <line num="60" count="0" type="stmt"/>
          <line num="62" count="0" type="stmt"/>
          <line num="63" count="0" type="stmt"/>
          <line num="64" count="0" type="stmt"/>
          <line num="67" count="1" type="cond" truecount="1" falsecount="1"/>
          <line num="68" count="1" type="stmt"/>
          <line num="69" count="1" type="stmt"/>
          <line num="70" count="1" type="stmt"/>
          <line num="71" count="1" type="stmt"/>
          <line num="72" count="1" type="stmt"/>
          <line num="73" count="1" type="cond" truecount="3" falsecount="1"/>
          <line num="74" count="0" type="stmt"/>
          <line num="76" count="1" type="stmt"/>
          <line num="77" count="1" type="stmt"/>
          <line num="79" count="1" type="stmt"/>
          <line num="81" count="0" type="stmt"/>
          <line num="82" count="0" type="stmt"/>
          <line num="86" count="1" type="stmt"/>
          <line num="87" count="1" type="stmt"/>
          <line num="88" count="1" type="stmt"/>
          <line num="89" count="1" type="stmt"/>
          <line num="92" count="1" type="stmt"/>
          <line num="94" count="5" type="cond" truecount="1" falsecount="1"/>
          <line num="95" count="5" type="stmt"/>
          <line num="97" count="0" type="stmt"/>
          <line num="99" count="5" type="stmt"/>
          <line num="102" count="3" type="stmt"/>
          <line num="105" count="3" type="stmt"/>
          <line num="107" count="1" type="stmt"/>
          <line num="111" count="7" type="stmt"/>
          <line num="113" count="1" type="stmt"/>
          <line num="114" count="3" type="stmt"/>
          <line num="119" count="6" type="stmt"/>
          <line num="129" count="1" type="stmt"/>
          <line num="141" count="1" type="stmt"/>
        </file>
        <file name="TransactionHistory.js" path="/Users/fet/wd/phetter/neon-wallet/app/components/TransactionHistory.js">
          <metrics statements="23" coveredstatements="13" conditionals="8" coveredconditionals="2" methods="8" coveredmethods="5"/>
          <line num="8" count="1" type="stmt"/>
          <line num="10" count="0" type="cond" truecount="0" falsecount="2"/>
          <line num="11" count="0" type="cond" truecount="0" falsecount="2"/>
          <line num="12" count="0" type="stmt"/>
          <line num="14" count="0" type="stmt"/>
          <line num="17" count="0" type="cond" truecount="0" falsecount="2"/>
          <line num="18" count="0" type="stmt"/>
          <line num="20" count="0" type="stmt"/>
          <line num="23" count="0" type="stmt"/>
          <line num="27" count="1" type="stmt"/>
          <line num="28" count="0" type="stmt"/>
          <line num="31" count="1" type="stmt"/>
          <line num="33" count="2" type="stmt"/>
          <line num="34" count="2" type="stmt"/>
          <line num="38" count="2" type="stmt"/>
          <line num="39" count="2" type="stmt"/>
          <line num="45" count="2" type="stmt"/>
          <line num="46" count="2" type="cond" truecount="2" falsecount="0"/>
          <line num="47" count="2" type="stmt"/>
          <line num="51" count="0" type="stmt"/>
          <line num="63" count="4" type="stmt"/>
          <line num="70" count="1" type="stmt"/>
          <line num="79" count="1" type="stmt"/>
        </file>
        <file name="WalletInfo.js" path="/Users/fet/wd/phetter/neon-wallet/app/components/WalletInfo.js">
          <metrics statements="20" coveredstatements="18" conditionals="4" coveredconditionals="1" methods="10" coveredmethods="9"/>
          <line num="15" count="1" type="stmt"/>
          <line num="16" count="1" type="stmt"/>
          <line num="17" count="1" type="stmt"/>
          <line num="18" count="1" type="stmt"/>
          <line num="19" count="1" type="stmt"/>
          <line num="23" count="1" type="stmt"/>
          <line num="25" count="4" type="stmt"/>
          <line num="26" count="4" type="stmt"/>
          <line num="27" count="4" type="stmt"/>
          <line num="28" count="0" type="cond" truecount="0" falsecount="2"/>
          <line num="33" count="4" type="stmt"/>
          <line num="34" count="4" type="cond" truecount="1" falsecount="1"/>
          <line num="35" count="0" type="stmt"/>
          <line num="37" count="4" type="stmt"/>
          <line num="42" count="1" type="stmt"/>
          <line num="57" count="1" type="stmt"/>
          <line num="69" count="2" type="stmt"/>
          <line num="75" count="5" type="stmt"/>
          <line num="83" count="1" type="stmt"/>
          <line num="92" count="1" type="stmt"/>
        </file>
      </package>
      <package name="modules">
        <metrics statements="110" coveredstatements="87" conditionals="54" coveredconditionals="34" methods="31" coveredmethods="28"/>
        <file name="account.js" path="/Users/fet/wd/phetter/neon-wallet/app/modules/account.js">
          <metrics statements="19" coveredstatements="8" conditionals="11" coveredconditionals="2" methods="5" coveredmethods="3"/>
          <line num="4" count="4" type="stmt"/>
          <line num="5" count="4" type="stmt"/>
          <line num="6" count="4" type="stmt"/>
          <line num="7" count="4" type="stmt"/>
          <line num="11" count="1" type="stmt"/>
          <line num="18" count="2" type="stmt"/>
          <line num="24" count="0" type="stmt"/>
          <line num="31" count="0" type="stmt"/>
          <line num="39" count="3" type="cond" truecount="1" falsecount="4"/>
          <line num="42" count="0" type="stmt"/>
          <line num="43" count="0" type="stmt"/>
          <line num="44" count="0" type="stmt"/>
          <line num="45" count="0" type="cond" truecount="0" falsecount="5"/>
          <line num="46" count="0" type="stmt"/>
          <line num="48" count="0" type="stmt"/>
          <line num="50" count="0" type="stmt"/>
          <line num="52" count="0" type="stmt"/>
          <line num="54" count="0" type="stmt"/>
          <line num="56" count="3" type="stmt"/>
        </file>
        <file name="claim.js" path="/Users/fet/wd/phetter/neon-wallet/app/modules/claim.js">
          <metrics statements="16" coveredstatements="8" conditionals="9" coveredconditionals="2" methods="4" coveredmethods="4"/>
          <line num="2" count="5" type="stmt"/>
          <line num="3" count="5" type="stmt"/>
          <line num="4" count="5" type="stmt"/>
          <line num="8" count="6" type="stmt"/>
          <line num="16" count="5" type="stmt"/>
          <line num="23" count="1" type="stmt"/>
          <line num="31" count="3" type="cond" truecount="1" falsecount="3"/>
          <line num="33" count="0" type="stmt"/>
          <line num="34" count="0" type="stmt"/>
          <line num="36" count="0" type="stmt"/>
          <line num="37" count="0" type="cond" truecount="0" falsecount="4"/>
          <line num="38" count="0" type="stmt"/>
          <line num="40" count="0" type="stmt"/>
          <line num="41" count="0" type="stmt"/>
          <line num="43" count="0" type="stmt"/>
          <line num="45" count="3" type="stmt"/>
        </file>
        <file name="dashboard.js" path="/Users/fet/wd/phetter/neon-wallet/app/modules/dashboard.js">
          <metrics statements="7" coveredstatements="7" conditionals="3" coveredconditionals="3" methods="2" coveredmethods="2"/>
          <line num="2" count="3" type="stmt"/>
          <line num="6" count="4" type="stmt"/>
          <line num="14" count="5" type="cond" truecount="2" falsecount="0"/>
          <line num="16" count="1" type="stmt"/>
          <line num="17" count="1" type="stmt"/>
          <line num="18" count="1" type="stmt"/>
          <line num="20" count="4" type="stmt"/>
        </file>
        <file name="generateWallet.js" path="/Users/fet/wd/phetter/neon-wallet/app/modules/generateWallet.js">
          <metrics statements="18" coveredstatements="18" conditionals="6" coveredconditionals="6" methods="5" coveredmethods="5"/>
          <line num="4" count="2" type="stmt"/>
          <line num="5" count="2" type="stmt"/>
          <line num="6" count="2" type="stmt"/>
          <line num="7" count="2" type="stmt"/>
          <line num="11" count="1" type="stmt"/>
          <line num="18" count="1" type="stmt"/>
          <line num="28" count="1" type="stmt"/>
          <line num="35" count="1" type="stmt"/>
          <line num="42" count="8" type="cond" truecount="5" falsecount="0"/>
          <line num="44" count="1" type="stmt"/>
          <line num="45" count="1" type="stmt"/>
          <line num="46" count="1" type="stmt"/>
          <line num="47" count="1" type="stmt"/>
          <line num="48" count="1" type="stmt"/>
          <line num="50" count="1" type="stmt"/>
          <line num="52" count="1" type="stmt"/>
          <line num="54" count="1" type="stmt"/>
          <line num="56" count="4" type="stmt"/>
        </file>
        <file name="metadata.js" path="/Users/fet/wd/phetter/neon-wallet/app/modules/metadata.js">
          <metrics statements="13" coveredstatements="13" conditionals="7" coveredconditionals="6" methods="4" coveredmethods="4"/>
          <line num="2" count="5" type="stmt"/>
          <line num="3" count="5" type="stmt"/>
          <line num="4" count="5" type="stmt"/>
          <line num="8" count="2" type="cond" truecount="1" falsecount="1"/>
          <line num="9" count="2" type="stmt"/>
          <line num="16" count="7" type="stmt"/>
          <line num="23" count="1" type="stmt"/>
          <line num="31" count="7" type="cond" truecount="4" falsecount="0"/>
          <line num="33" count="1" type="stmt"/>
          <line num="35" count="1" type="stmt"/>
          <line num="36" count="1" type="stmt"/>
          <line num="38" count="1" type="stmt"/>
          <line num="40" count="4" type="stmt"/>
        </file>
        <file name="rpx.js" path="/Users/fet/wd/phetter/neon-wallet/app/modules/rpx.js">
          <metrics statements="5" coveredstatements="3" conditionals="3" coveredconditionals="2" methods="2" coveredmethods="1"/>
          <line num="2" count="1" type="stmt"/>
          <line num="6" count="0" type="stmt"/>
          <line num="14" count="3" type="cond" truecount="1" falsecount="1"/>
          <line num="16" count="0" type="stmt"/>
          <line num="18" count="3" type="stmt"/>
        </file>
        <file name="transactions.js" path="/Users/fet/wd/phetter/neon-wallet/app/modules/transactions.js">
          <metrics statements="14" coveredstatements="13" conditionals="7" coveredconditionals="6" methods="4" coveredmethods="4"/>
          <line num="2" count="9" type="stmt"/>
          <line num="3" count="9" type="stmt"/>
          <line num="4" count="9" type="stmt"/>
          <line num="8" count="26" type="stmt"/>
          <line num="16" count="9" type="stmt"/>
          <line num="22" count="2" type="stmt"/>
          <line num="29" count="7" type="cond" truecount="4" falsecount="0"/>
          <line num="31" count="1" type="stmt"/>
          <line num="33" count="1" type="stmt"/>
          <line num="36" count="1" type="cond" truecount="1" falsecount="1"/>
          <line num="37" count="1" type="stmt"/>
          <line num="39" count="0" type="stmt"/>
          <line num="41" count="1" type="stmt"/>
          <line num="43" count="4" type="stmt"/>
        </file>
        <file name="wallet.js" path="/Users/fet/wd/phetter/neon-wallet/app/modules/wallet.js">
          <metrics statements="18" coveredstatements="17" conditionals="8" coveredconditionals="7" methods="5" coveredmethods="5"/>
          <line num="2" count="5" type="stmt"/>
          <line num="3" count="5" type="stmt"/>
          <line num="4" count="5" type="stmt"/>
          <line num="5" count="5" type="stmt"/>
          <line num="9" count="7" type="stmt"/>
          <line num="18" count="1" type="stmt"/>
          <line num="25" count="1" type="stmt"/>
          <line num="31" count="10" type="stmt"/>
          <line num="39" count="8" type="cond" truecount="5" falsecount="0"/>
          <line num="41" count="1" type="stmt"/>
          <line num="42" count="1" type="stmt"/>
          <line num="44" count="1" type="stmt"/>
          <line num="47" count="1" type="cond" truecount="1" falsecount="1"/>
          <line num="48" count="1" type="stmt"/>
          <line num="50" count="0" type="stmt"/>
          <line num="52" count="1" type="stmt"/>
          <line num="54" count="1" type="stmt"/>
          <line num="56" count="4" type="stmt"/>
        </file>
      </package>
      <package name="store">
        <metrics statements="0" coveredstatements="0" conditionals="0" coveredconditionals="0" methods="0" coveredmethods="0"/>
        <file name="reducers.js" path="/Users/fet/wd/phetter/neon-wallet/app/store/reducers.js">
          <metrics statements="0" coveredstatements="0" conditionals="0" coveredconditionals="0" methods="0" coveredmethods="0"/>
        </file>
      </package>
      <package name="util">
        <metrics statements="5" coveredstatements="5" conditionals="0" coveredconditionals="0" methods="1" coveredmethods="1"/>
        <file name="Logs.js" path="/Users/fet/wd/phetter/neon-wallet/app/util/Logs.js">
          <metrics statements="5" coveredstatements="5" conditionals="0" coveredconditionals="0" methods="1" coveredmethods="1"/>
          <line num="5" count="3" type="stmt"/>
          <line num="7" count="3" type="stmt"/>
          <line num="8" count="5" type="stmt"/>
          <line num="9" count="5" type="stmt"/>
          <line num="17" count="5" type="stmt"/>
        </file>
      </package>
    </metrics>
  </project>
</coverage>
