{"/Users/fet/wd/phetter/neon-wallet/app/components/Claim.js": {"path":"/Users/fet/wd/phetter/neon-wallet/app/components/Claim.js","statementMap":{"0":{"start":{"line":12,"column":22},"end":{"line":23,"column":1}},"1":{"start":{"line":13,"column":2},"end":{"line":13,"column":57}},"2":{"start":{"line":14,"column":2},"end":{"line":22,"column":4}},"3":{"start":{"line":15,"column":4},"end":{"line":20,"column":5}},"4":{"start":{"line":16,"column":6},"end":{"line":16,"column":119}},"5":{"start":{"line":17,"column":6},"end":{"line":17,"column":61}},"6":{"start":{"line":17,"column":23},"end":{"line":17,"column":52}},"7":{"start":{"line":19,"column":6},"end":{"line":19,"column":48}},"8":{"start":{"line":21,"column":4},"end":{"line":21,"column":61}},"9":{"start":{"line":21,"column":21},"end":{"line":21,"column":54}},"10":{"start":{"line":27,"column":19},"end":{"line":44,"column":1}},"11":{"start":{"line":29,"column":2},"end":{"line":43,"column":3}},"12":{"start":{"line":30,"column":4},"end":{"line":30,"column":50}},"13":{"start":{"line":32,"column":4},"end":{"line":32,"column":59}},"14":{"start":{"line":33,"column":4},"end":{"line":33,"column":79}},"15":{"start":{"line":34,"column":4},"end":{"line":42,"column":6}},"16":{"start":{"line":35,"column":6},"end":{"line":41,"column":7}},"17":{"start":{"line":36,"column":8},"end":{"line":36,"column":57}},"18":{"start":{"line":38,"column":8},"end":{"line":38,"column":72}},"19":{"start":{"line":39,"column":8},"end":{"line":39,"column":39}},"20":{"start":{"line":40,"column":8},"end":{"line":40,"column":36}},"21":{"start":{"line":46,"column":12},"end":{"line":76,"column":1}},"22":{"start":{"line":48,"column":75},"end":{"line":48,"column":85}},"23":{"start":{"line":50,"column":4},"end":{"line":53,"column":5}},"24":{"start":{"line":51,"column":6},"end":{"line":51,"column":38}},"25":{"start":{"line":52,"column":6},"end":{"line":52,"column":48}},"26":{"start":{"line":57,"column":49},"end":{"line":57,"column":59}},"27":{"start":{"line":58,"column":4},"end":{"line":58,"column":48}},"28":{"start":{"line":62,"column":48},"end":{"line":62,"column":58}},"29":{"start":{"line":64,"column":4},"end":{"line":73,"column":5}},"30":{"start":{"line":65,"column":6},"end":{"line":65,"column":84}},"31":{"start":{"line":67,"column":6},"end":{"line":72,"column":13}},"32":{"start":{"line":74,"column":4},"end":{"line":74,"column":47}},"33":{"start":{"line":78,"column":24},"end":{"line":87,"column":2}},"34":{"start":{"line":78,"column":36},"end":{"line":87,"column":1}},"35":{"start":{"line":89,"column":0},"end":{"line":99,"column":1}},"36":{"start":{"line":101,"column":0},"end":{"line":101,"column":39}}},"fnMap":{"0":{"name":"(anonymous_0)","decl":{"start":{"line":12,"column":22},"end":{"line":12,"column":23}},"loc":{"start":{"line":12,"column":59},"end":{"line":23,"column":1}},"line":12},"1":{"name":"(anonymous_1)","decl":{"start":{"line":14,"column":31},"end":{"line":14,"column":32}},"loc":{"start":{"line":14,"column":45},"end":{"line":22,"column":3}},"line":14},"2":{"name":"(anonymous_2)","decl":{"start":{"line":17,"column":17},"end":{"line":17,"column":18}},"loc":{"start":{"line":17,"column":23},"end":{"line":17,"column":52}},"line":17},"3":{"name":"(anonymous_3)","decl":{"start":{"line":21,"column":15},"end":{"line":21,"column":16}},"loc":{"start":{"line":21,"column":21},"end":{"line":21,"column":54}},"line":21},"4":{"name":"(anonymous_4)","decl":{"start":{"line":27,"column":19},"end":{"line":27,"column":20}},"loc":{"start":{"line":27,"column":61},"end":{"line":44,"column":1}},"line":27},"5":{"name":"(anonymous_5)","decl":{"start":{"line":34,"column":58},"end":{"line":34,"column":59}},"loc":{"start":{"line":34,"column":72},"end":{"line":42,"column":5}},"line":34},"6":{"name":"(anonymous_6)","decl":{"start":{"line":47,"column":2},"end":{"line":47,"column":3}},"loc":{"start":{"line":47,"column":24},"end":{"line":54,"column":3}},"line":47},"7":{"name":"(anonymous_7)","decl":{"start":{"line":56,"column":12},"end":{"line":56,"column":13}},"loc":{"start":{"line":56,"column":18},"end":{"line":59,"column":3}},"line":56},"8":{"name":"(anonymous_8)","decl":{"start":{"line":61,"column":2},"end":{"line":61,"column":3}},"loc":{"start":{"line":61,"column":12},"end":{"line":75,"column":3}},"line":61},"9":{"name":"(anonymous_9)","decl":{"start":{"line":78,"column":24},"end":{"line":78,"column":25}},"loc":{"start":{"line":78,"column":36},"end":{"line":87,"column":1}},"line":78}},"branchMap":{"0":{"loc":{"start":{"line":15,"column":4},"end":{"line":20,"column":5}},"type":"if","locations":[{"start":{"line":15,"column":4},"end":{"line":20,"column":5}},{"start":{"line":15,"column":4},"end":{"line":20,"column":5}}],"line":15},"1":{"loc":{"start":{"line":29,"column":2},"end":{"line":43,"column":3}},"type":"if","locations":[{"start":{"line":29,"column":2},"end":{"line":43,"column":3}},{"start":{"line":29,"column":2},"end":{"line":43,"column":3}}],"line":29},"2":{"loc":{"start":{"line":35,"column":6},"end":{"line":41,"column":7}},"type":"if","locations":[{"start":{"line":35,"column":6},"end":{"line":41,"column":7}},{"start":{"line":35,"column":6},"end":{"line":41,"column":7}}],"line":35},"3":{"loc":{"start":{"line":35,"column":10},"end":{"line":35,"column":68}},"type":"binary-expr","locations":[{"start":{"line":35,"column":10},"end":{"line":35,"column":39}},{"start":{"line":35,"column":43},"end":{"line":35,"column":68}}],"line":35},"4":{"loc":{"start":{"line":50,"column":4},"end":{"line":53,"column":5}},"type":"if","locations":[{"start":{"line":50,"column":4},"end":{"line":53,"column":5}},{"start":{"line":50,"column":4},"end":{"line":53,"column":5}}],"line":50},"5":{"loc":{"start":{"line":50,"column":8},"end":{"line":50,"column":57}},"type":"binary-expr","locations":[{"start":{"line":50,"column":8},"end":{"line":50,"column":29}},{"start":{"line":50,"column":33},"end":{"line":50,"column":57}}],"line":50},"6":{"loc":{"start":{"line":64,"column":4},"end":{"line":73,"column":5}},"type":"if","locations":[{"start":{"line":64,"column":4},"end":{"line":73,"column":5}},{"start":{"line":64,"column":4},"end":{"line":73,"column":5}}],"line":64}},"s":{"0":2,"1":2,"2":2,"3":2,"4":1,"5":1,"6":0,"7":1,"8":2,"9":0,"10":2,"11":2,"12":0,"13":2,"14":2,"15":2,"16":2,"17":1,"18":1,"19":1,"20":1,"21":2,"22":2,"23":2,"24":2,"25":2,"26":2,"27":2,"28":10,"29":10,"30":7,"31":3,"32":10,"33":2,"34":8,"35":2,"36":2},"f":{"0":2,"1":2,"2":0,"3":0,"4":2,"5":2,"6":2,"7":2,"8":10,"9":8},"b":{"0":[1,1],"1":[0,2],"2":[1,1],"3":[2,1],"4":[2,0],"5":[2,2],"6":[7,3]},"_coverageSchema":"332fd63041d2c1bcb487cc26dd0d5f7d97098a6c","hash":"d8e50228581ec2b4f930d04677941bdaf034607e"}
,"/Users/fet/wd/phetter/neon-wallet/app/components/LoginNep2.js": {"path":"/Users/fet/wd/phetter/neon-wallet/app/components/LoginNep2.js","statementMap":{"0":{"start":{"line":12,"column":13},"end":{"line":12,"column":48}},"1":{"start":{"line":17,"column":20},"end":{"line":36,"column":1}},"2":{"start":{"line":18,"column":2},"end":{"line":22,"column":3}},"3":{"start":{"line":19,"column":4},"end":{"line":19,"column":54}},"4":{"start":{"line":20,"column":4},"end":{"line":20,"column":61}},"5":{"start":{"line":20,"column":21},"end":{"line":20,"column":54}},"6":{"start":{"line":21,"column":4},"end":{"line":21,"column":10}},"7":{"start":{"line":24,"column":2},"end":{"line":24,"column":56}},"8":{"start":{"line":25,"column":2},"end":{"line":35,"column":9}},"9":{"start":{"line":26,"column":24},"end":{"line":26,"column":38}},"10":{"start":{"line":27,"column":4},"end":{"line":34,"column":6}},"11":{"start":{"line":28,"column":6},"end":{"line":28,"column":26}},"12":{"start":{"line":29,"column":6},"end":{"line":29,"column":32}},"13":{"start":{"line":30,"column":6},"end":{"line":30,"column":39}},"14":{"start":{"line":32,"column":6},"end":{"line":32,"column":77}},"15":{"start":{"line":33,"column":6},"end":{"line":33,"column":63}},"16":{"start":{"line":33,"column":23},"end":{"line":33,"column":56}},"17":{"start":{"line":38,"column":16},"end":{"line":75,"column":1}},"18":{"start":{"line":44,"column":4},"end":{"line":46,"column":7}},"19":{"start":{"line":44,"column":32},"end":{"line":46,"column":5}},"20":{"start":{"line":50,"column":46},"end":{"line":50,"column":56}},"21":{"start":{"line":51,"column":24},"end":{"line":51,"column":34}},"22":{"start":{"line":53,"column":4},"end":{"line":73,"column":5}},"23":{"start":{"line":58,"column":114},"end":{"line":58,"column":136}},"24":{"start":{"line":63,"column":92},"end":{"line":63,"column":107}},"25":{"start":{"line":66,"column":60},"end":{"line":66,"column":90}},"26":{"start":{"line":77,"column":24},"end":{"line":79,"column":2}},"27":{"start":{"line":77,"column":36},"end":{"line":79,"column":1}},"28":{"start":{"line":81,"column":0},"end":{"line":85,"column":1}},"29":{"start":{"line":87,"column":0},"end":{"line":87,"column":47}}},"fnMap":{"0":{"name":"(anonymous_0)","decl":{"start":{"line":17,"column":20},"end":{"line":17,"column":21}},"loc":{"start":{"line":17,"column":43},"end":{"line":36,"column":1}},"line":17},"1":{"name":"(anonymous_1)","decl":{"start":{"line":20,"column":15},"end":{"line":20,"column":16}},"loc":{"start":{"line":20,"column":21},"end":{"line":20,"column":54}},"line":20},"2":{"name":"(anonymous_2)","decl":{"start":{"line":25,"column":13},"end":{"line":25,"column":14}},"loc":{"start":{"line":25,"column":19},"end":{"line":35,"column":3}},"line":25},"3":{"name":"(anonymous_3)","decl":{"start":{"line":27,"column":56},"end":{"line":27,"column":57}},"loc":{"start":{"line":27,"column":65},"end":{"line":31,"column":5}},"line":27},"4":{"name":"(anonymous_4)","decl":{"start":{"line":31,"column":13},"end":{"line":31,"column":14}},"loc":{"start":{"line":31,"column":19},"end":{"line":34,"column":5}},"line":31},"5":{"name":"(anonymous_5)","decl":{"start":{"line":33,"column":17},"end":{"line":33,"column":18}},"loc":{"start":{"line":33,"column":23},"end":{"line":33,"column":56}},"line":33},"6":{"name":"(anonymous_6)","decl":{"start":{"line":43,"column":24},"end":{"line":43,"column":25}},"loc":{"start":{"line":43,"column":30},"end":{"line":47,"column":3}},"line":43},"7":{"name":"(anonymous_7)","decl":{"start":{"line":44,"column":18},"end":{"line":44,"column":19}},"loc":{"start":{"line":44,"column":32},"end":{"line":46,"column":5}},"line":44},"8":{"name":"(anonymous_8)","decl":{"start":{"line":49,"column":2},"end":{"line":49,"column":3}},"loc":{"start":{"line":49,"column":12},"end":{"line":74,"column":3}},"line":49},"9":{"name":"(anonymous_9)","decl":{"start":{"line":58,"column":102},"end":{"line":58,"column":103}},"loc":{"start":{"line":58,"column":112},"end":{"line":58,"column":138}},"line":58},"10":{"name":"(anonymous_10)","decl":{"start":{"line":63,"column":80},"end":{"line":63,"column":81}},"loc":{"start":{"line":63,"column":90},"end":{"line":63,"column":109}},"line":63},"11":{"name":"(anonymous_11)","decl":{"start":{"line":66,"column":53},"end":{"line":66,"column":54}},"loc":{"start":{"line":66,"column":60},"end":{"line":66,"column":90}},"line":66},"12":{"name":"(anonymous_12)","decl":{"start":{"line":77,"column":24},"end":{"line":77,"column":25}},"loc":{"start":{"line":77,"column":36},"end":{"line":79,"column":1}},"line":77}},"branchMap":{"0":{"loc":{"start":{"line":18,"column":2},"end":{"line":22,"column":3}},"type":"if","locations":[{"start":{"line":18,"column":2},"end":{"line":22,"column":3}},{"start":{"line":18,"column":2},"end":{"line":22,"column":3}}],"line":18},"1":{"loc":{"start":{"line":58,"column":25},"end":{"line":58,"column":54}},"type":"cond-expr","locations":[{"start":{"line":58,"column":35},"end":{"line":58,"column":41}},{"start":{"line":58,"column":44},"end":{"line":58,"column":54}}],"line":58},"2":{"loc":{"start":{"line":59,"column":13},"end":{"line":61,"column":80}},"type":"cond-expr","locations":[{"start":{"line":60,"column":16},"end":{"line":60,"column":85}},{"start":{"line":61,"column":16},"end":{"line":61,"column":80}}],"line":59},"3":{"loc":{"start":{"line":69,"column":11},"end":{"line":69,"column":77}},"type":"binary-expr","locations":[{"start":{"line":69,"column":11},"end":{"line":69,"column":21}},{"start":{"line":69,"column":25},"end":{"line":69,"column":77}}],"line":69}},"s":{"0":1,"1":1,"2":3,"3":1,"4":1,"5":0,"6":1,"7":2,"8":2,"9":2,"10":2,"11":1,"12":1,"13":1,"14":1,"15":1,"16":0,"17":1,"18":0,"19":0,"20":5,"21":5,"22":5,"23":4,"24":4,"25":3,"26":1,"27":6,"28":1,"29":1},"f":{"0":3,"1":0,"2":2,"3":1,"4":1,"5":0,"6":0,"7":0,"8":5,"9":4,"10":4,"11":3,"12":6},"b":{"0":[1,2],"1":[0,5],"2":[0,5],"3":[5,1]},"_coverageSchema":"332fd63041d2c1bcb487cc26dd0d5f7d97098a6c","hash":"dca1a59d14d125edc5a1eb69fd8ef2e0ed4cfe51"}
,"/Users/fet/wd/phetter/neon-wallet/app/components/LoginPrivateKey.js": {"path":"/Users/fet/wd/phetter/neon-wallet/app/components/LoginPrivateKey.js","statementMap":{"0":{"start":{"line":18,"column":4},"end":{"line":20,"column":7}},"1":{"start":{"line":18,"column":32},"end":{"line":20,"column":5}},"2":{"start":{"line":24,"column":18},"end":{"line":24,"column":32}},"3":{"start":{"line":26,"column":4},"end":{"line":28,"column":6}},"4":{"start":{"line":32,"column":65},"end":{"line":32,"column":75}},"5":{"start":{"line":33,"column":20},"end":{"line":33,"column":30}},"6":{"start":{"line":35,"column":4},"end":{"line":35,"column":57}},"7":{"start":{"line":39,"column":24},"end":{"line":39,"column":34}},"8":{"start":{"line":40,"column":17},"end":{"line":40,"column":52}},"9":{"start":{"line":42,"column":4},"end":{"line":61,"column":5}},"10":{"start":{"line":65,"column":0},"end":{"line":70,"column":1}},"11":{"start":{"line":72,"column":24},"end":{"line":75,"column":2}},"12":{"start":{"line":72,"column":36},"end":{"line":75,"column":1}},"13":{"start":{"line":77,"column":26},"end":{"line":103,"column":1}},"14":{"start":{"line":78,"column":2},"end":{"line":102,"column":3}},"15":{"start":{"line":82,"column":6},"end":{"line":88,"column":7}},"16":{"start":{"line":85,"column":8},"end":{"line":85,"column":41}},"17":{"start":{"line":87,"column":8},"end":{"line":87,"column":20}},"18":{"start":{"line":89,"column":6},"end":{"line":89,"column":17}},"19":{"start":{"line":94,"column":6},"end":{"line":100,"column":7}},"20":{"start":{"line":95,"column":8},"end":{"line":95,"column":28}},"21":{"start":{"line":96,"column":8},"end":{"line":96,"column":34}},"22":{"start":{"line":98,"column":8},"end":{"line":98,"column":69}},"23":{"start":{"line":99,"column":8},"end":{"line":99,"column":65}},"24":{"start":{"line":99,"column":25},"end":{"line":99,"column":58}}},"fnMap":{"0":{"name":"(anonymous_0)","decl":{"start":{"line":17,"column":24},"end":{"line":17,"column":25}},"loc":{"start":{"line":17,"column":30},"end":{"line":21,"column":3}},"line":17},"1":{"name":"(anonymous_1)","decl":{"start":{"line":18,"column":18},"end":{"line":18,"column":19}},"loc":{"start":{"line":18,"column":32},"end":{"line":20,"column":5}},"line":18},"2":{"name":"(anonymous_2)","decl":{"start":{"line":23,"column":22},"end":{"line":23,"column":23}},"loc":{"start":{"line":23,"column":29},"end":{"line":29,"column":3}},"line":23},"3":{"name":"(anonymous_3)","decl":{"start":{"line":31,"column":17},"end":{"line":31,"column":18}},"loc":{"start":{"line":31,"column":23},"end":{"line":36,"column":3}},"line":31},"4":{"name":"(anonymous_4)","decl":{"start":{"line":38,"column":2},"end":{"line":38,"column":3}},"loc":{"start":{"line":38,"column":12},"end":{"line":62,"column":3}},"line":38},"5":{"name":"(anonymous_5)","decl":{"start":{"line":72,"column":24},"end":{"line":72,"column":25}},"loc":{"start":{"line":72,"column":36},"end":{"line":75,"column":1}},"line":72},"6":{"name":"(anonymous_6)","decl":{"start":{"line":77,"column":26},"end":{"line":77,"column":27}},"loc":{"start":{"line":77,"column":40},"end":{"line":103,"column":1}},"line":77},"7":{"name":"(anonymous_7)","decl":{"start":{"line":81,"column":22},"end":{"line":81,"column":23}},"loc":{"start":{"line":81,"column":31},"end":{"line":90,"column":5}},"line":81},"8":{"name":"(anonymous_8)","decl":{"start":{"line":91,"column":17},"end":{"line":91,"column":18}},"loc":{"start":{"line":91,"column":63},"end":{"line":101,"column":5}},"line":91},"9":{"name":"(anonymous_9)","decl":{"start":{"line":99,"column":19},"end":{"line":99,"column":20}},"loc":{"start":{"line":99,"column":25},"end":{"line":99,"column":58}},"line":99}},"branchMap":{"0":{"loc":{"start":{"line":47,"column":25},"end":{"line":47,"column":54}},"type":"cond-expr","locations":[{"start":{"line":47,"column":35},"end":{"line":47,"column":41}},{"start":{"line":47,"column":44},"end":{"line":47,"column":54}}],"line":47},"1":{"loc":{"start":{"line":49,"column":13},"end":{"line":51,"column":80}},"type":"cond-expr","locations":[{"start":{"line":50,"column":16},"end":{"line":50,"column":85}},{"start":{"line":51,"column":16},"end":{"line":51,"column":80}}],"line":49},"2":{"loc":{"start":{"line":94,"column":6},"end":{"line":100,"column":7}},"type":"if","locations":[{"start":{"line":94,"column":6},"end":{"line":100,"column":7}},{"start":{"line":94,"column":6},"end":{"line":100,"column":7}}],"line":94},"3":{"loc":{"start":{"line":94,"column":10},"end":{"line":94,"column":47}},"type":"binary-expr","locations":[{"start":{"line":94,"column":10},"end":{"line":94,"column":13}},{"start":{"line":94,"column":17},"end":{"line":94,"column":47}}],"line":94}},"s":{"0":1,"1":1,"2":0,"3":0,"4":0,"5":0,"6":0,"7":2,"8":2,"9":2,"10":1,"11":1,"12":2,"13":1,"14":2,"15":0,"16":0,"17":0,"18":0,"19":0,"20":0,"21":0,"22":0,"23":0,"24":0},"f":{"0":1,"1":1,"2":0,"3":0,"4":2,"5":2,"6":2,"7":0,"8":0,"9":0},"b":{"0":[1,1],"1":[1,1],"2":[0,0],"3":[0,0]},"_coverageSchema":"332fd63041d2c1bcb487cc26dd0d5f7d97098a6c","hash":"e6a57c174816b0c03fd6b2dd3a06e3e9061ada80"}
,"/Users/fet/wd/phetter/neon-wallet/app/components/Logout.js": {"path":"/Users/fet/wd/phetter/neon-wallet/app/components/Logout.js","statementMap":{"0":{"start":{"line":9,"column":13},"end":{"line":15,"column":8}},"1":{"start":{"line":10,"column":2},"end":{"line":15,"column":8}},"2":{"start":{"line":10,"column":64},"end":{"line":10,"column":82}},"3":{"start":{"line":17,"column":24},"end":{"line":18,"column":2}},"4":{"start":{"line":17,"column":36},"end":{"line":18,"column":1}},"5":{"start":{"line":20,"column":0},"end":{"line":22,"column":1}},"6":{"start":{"line":24,"column":0},"end":{"line":24,"column":41}}},"fnMap":{"0":{"name":"(anonymous_0)","decl":{"start":{"line":9,"column":13},"end":{"line":9,"column":14}},"loc":{"start":{"line":10,"column":2},"end":{"line":15,"column":8}},"line":10},"1":{"name":"(anonymous_1)","decl":{"start":{"line":10,"column":58},"end":{"line":10,"column":59}},"loc":{"start":{"line":10,"column":64},"end":{"line":10,"column":82}},"line":10},"2":{"name":"(anonymous_2)","decl":{"start":{"line":17,"column":24},"end":{"line":17,"column":25}},"loc":{"start":{"line":17,"column":36},"end":{"line":18,"column":1}},"line":17}},"branchMap":{},"s":{"0":1,"1":2,"2":1,"3":1,"4":2,"5":1,"6":1},"f":{"0":2,"1":1,"2":2},"b":{},"_coverageSchema":"332fd63041d2c1bcb487cc26dd0d5f7d97098a6c","hash":"5cfe69162df457d5c1209b52b7cc3627b042bdd3"}
,"/Users/fet/wd/phetter/neon-wallet/app/components/NetworkSwitch.js": {"path":"/Users/fet/wd/phetter/neon-wallet/app/components/NetworkSwitch.js","statementMap":{"0":{"start":{"line":12,"column":16},"end":{"line":12,"column":18}},"1":{"start":{"line":16,"column":21},"end":{"line":28,"column":1}},"2":{"start":{"line":17,"column":22},"end":{"line":17,"column":41}},"3":{"start":{"line":18,"column":2},"end":{"line":27,"column":4}},"4":{"start":{"line":19,"column":4},"end":{"line":24,"column":5}},"5":{"start":{"line":21,"column":11},"end":{"line":24,"column":5}},"6":{"start":{"line":22,"column":6},"end":{"line":22,"column":168}},"7":{"start":{"line":23,"column":6},"end":{"line":23,"column":64}},"8":{"start":{"line":23,"column":23},"end":{"line":23,"column":56}},"9":{"start":{"line":31,"column":33},"end":{"line":37,"column":1}},"10":{"start":{"line":32,"column":2},"end":{"line":36,"column":4}},"11":{"start":{"line":33,"column":4},"end":{"line":33,"column":25}},"12":{"start":{"line":34,"column":21},"end":{"line":34,"column":54}},"13":{"start":{"line":35,"column":4},"end":{"line":35,"column":62}},"14":{"start":{"line":41,"column":27},"end":{"line":61,"column":1}},"15":{"start":{"line":42,"column":2},"end":{"line":42,"column":48}},"16":{"start":{"line":43,"column":2},"end":{"line":43,"column":44}},"17":{"start":{"line":44,"column":2},"end":{"line":44,"column":32}},"18":{"start":{"line":45,"column":2},"end":{"line":60,"column":4}},"19":{"start":{"line":46,"column":4},"end":{"line":46,"column":47}},"20":{"start":{"line":47,"column":4},"end":{"line":57,"column":6}},"21":{"start":{"line":48,"column":6},"end":{"line":52,"column":7}},"22":{"start":{"line":49,"column":8},"end":{"line":49,"column":88}},"23":{"start":{"line":51,"column":8},"end":{"line":51,"column":95}},"24":{"start":{"line":53,"column":6},"end":{"line":53,"column":17}},"25":{"start":{"line":55,"column":6},"end":{"line":55,"column":86}},"26":{"start":{"line":56,"column":6},"end":{"line":56,"column":41}},"27":{"start":{"line":63,"column":27},"end":{"line":70,"column":1}},"28":{"start":{"line":64,"column":2},"end":{"line":64,"column":36}},"29":{"start":{"line":65,"column":2},"end":{"line":69,"column":4}},"30":{"start":{"line":66,"column":4},"end":{"line":66,"column":23}},"31":{"start":{"line":68,"column":4},"end":{"line":68,"column":60}},"32":{"start":{"line":72,"column":24},"end":{"line":76,"column":1}},"33":{"start":{"line":73,"column":2},"end":{"line":75,"column":4}},"34":{"start":{"line":74,"column":4},"end":{"line":74,"column":41}},"35":{"start":{"line":78,"column":31},"end":{"line":91,"column":1}},"36":{"start":{"line":79,"column":2},"end":{"line":90,"column":4}},"37":{"start":{"line":80,"column":14},"end":{"line":80,"column":16}},"38":{"start":{"line":81,"column":4},"end":{"line":88,"column":5}},"39":{"start":{"line":82,"column":6},"end":{"line":84,"column":7}},"40":{"start":{"line":83,"column":8},"end":{"line":83,"column":142}},"41":{"start":{"line":85,"column":6},"end":{"line":87,"column":7}},"42":{"start":{"line":86,"column":8},"end":{"line":86,"column":142}},"43":{"start":{"line":89,"column":4},"end":{"line":89,"column":40}},"44":{"start":{"line":93,"column":25},"end":{"line":100,"column":1}},"45":{"start":{"line":94,"column":2},"end":{"line":96,"column":3}},"46":{"start":{"line":95,"column":4},"end":{"line":95,"column":36}},"47":{"start":{"line":97,"column":2},"end":{"line":99,"column":11}},"48":{"start":{"line":98,"column":4},"end":{"line":98,"column":46}},"49":{"start":{"line":102,"column":18},"end":{"line":114,"column":1}},"50":{"start":{"line":104,"column":2},"end":{"line":108,"column":3}},"51":{"start":{"line":105,"column":4},"end":{"line":105,"column":22}},"52":{"start":{"line":107,"column":4},"end":{"line":107,"column":22}},"53":{"start":{"line":109,"column":2},"end":{"line":109,"column":30}},"54":{"start":{"line":110,"column":2},"end":{"line":110,"column":45}},"55":{"start":{"line":111,"column":2},"end":{"line":113,"column":3}},"56":{"start":{"line":112,"column":4},"end":{"line":112,"column":49}},"57":{"start":{"line":116,"column":20},"end":{"line":132,"column":1}},"58":{"start":{"line":118,"column":39},"end":{"line":118,"column":49}},"59":{"start":{"line":119,"column":4},"end":{"line":119,"column":31}},"60":{"start":{"line":120,"column":4},"end":{"line":120,"column":44}},"61":{"start":{"line":124,"column":39},"end":{"line":124,"column":49}},"62":{"start":{"line":125,"column":4},"end":{"line":130,"column":5}},"63":{"start":{"line":128,"column":49},"end":{"line":128,"column":82}},"64":{"start":{"line":134,"column":24},"end":{"line":137,"column":2}},"65":{"start":{"line":134,"column":36},"end":{"line":137,"column":1}},"66":{"start":{"line":139,"column":0},"end":{"line":143,"column":1}},"67":{"start":{"line":145,"column":0},"end":{"line":145,"column":55}}},"fnMap":{"0":{"name":"(anonymous_0)","decl":{"start":{"line":16,"column":21},"end":{"line":16,"column":22}},"loc":{"start":{"line":16,"column":40},"end":{"line":28,"column":1}},"line":16},"1":{"name":"(anonymous_1)","decl":{"start":{"line":18,"column":53},"end":{"line":18,"column":54}},"loc":{"start":{"line":18,"column":62},"end":{"line":25,"column":3}},"line":18},"2":{"name":"(anonymous_2)","decl":{"start":{"line":23,"column":17},"end":{"line":23,"column":18}},"loc":{"start":{"line":23,"column":23},"end":{"line":23,"column":56}},"line":23},"3":{"name":"(anonymous_3)","decl":{"start":{"line":25,"column":11},"end":{"line":25,"column":12}},"loc":{"start":{"line":25,"column":18},"end":{"line":27,"column":3}},"line":25},"4":{"name":"(anonymous_4)","decl":{"start":{"line":31,"column":33},"end":{"line":31,"column":34}},"loc":{"start":{"line":31,"column":45},"end":{"line":37,"column":1}},"line":31},"5":{"name":"(anonymous_5)","decl":{"start":{"line":32,"column":89},"end":{"line":32,"column":90}},"loc":{"start":{"line":32,"column":103},"end":{"line":36,"column":3}},"line":32},"6":{"name":"(anonymous_6)","decl":{"start":{"line":41,"column":27},"end":{"line":41,"column":28}},"loc":{"start":{"line":41,"column":55},"end":{"line":61,"column":1}},"line":41},"7":{"name":"(anonymous_7)","decl":{"start":{"line":45,"column":39},"end":{"line":45,"column":40}},"loc":{"start":{"line":45,"column":58},"end":{"line":58,"column":3}},"line":45},"8":{"name":"(anonymous_8)","decl":{"start":{"line":47,"column":61},"end":{"line":47,"column":62}},"loc":{"start":{"line":47,"column":78},"end":{"line":54,"column":5}},"line":47},"9":{"name":"(anonymous_9)","decl":{"start":{"line":54,"column":13},"end":{"line":54,"column":14}},"loc":{"start":{"line":54,"column":20},"end":{"line":57,"column":5}},"line":54},"10":{"name":"(anonymous_10)","decl":{"start":{"line":58,"column":11},"end":{"line":58,"column":12}},"loc":{"start":{"line":58,"column":23},"end":{"line":60,"column":3}},"line":58},"11":{"name":"(anonymous_11)","decl":{"start":{"line":63,"column":27},"end":{"line":63,"column":28}},"loc":{"start":{"line":63,"column":55},"end":{"line":70,"column":1}},"line":63},"12":{"name":"(anonymous_12)","decl":{"start":{"line":65,"column":37},"end":{"line":65,"column":38}},"loc":{"start":{"line":65,"column":49},"end":{"line":69,"column":3}},"line":65},"13":{"name":"(anonymous_13)","decl":{"start":{"line":72,"column":24},"end":{"line":72,"column":25}},"loc":{"start":{"line":72,"column":43},"end":{"line":76,"column":1}},"line":72},"14":{"name":"(anonymous_14)","decl":{"start":{"line":73,"column":30},"end":{"line":73,"column":31}},"loc":{"start":{"line":73,"column":47},"end":{"line":75,"column":3}},"line":73},"15":{"name":"(anonymous_15)","decl":{"start":{"line":78,"column":31},"end":{"line":78,"column":32}},"loc":{"start":{"line":78,"column":59},"end":{"line":91,"column":1}},"line":78},"16":{"name":"(anonymous_16)","decl":{"start":{"line":79,"column":43},"end":{"line":79,"column":44}},"loc":{"start":{"line":79,"column":61},"end":{"line":90,"column":3}},"line":79},"17":{"name":"(anonymous_17)","decl":{"start":{"line":93,"column":25},"end":{"line":93,"column":26}},"loc":{"start":{"line":93,"column":53},"end":{"line":100,"column":1}},"line":93},"18":{"name":"(anonymous_18)","decl":{"start":{"line":97,"column":34},"end":{"line":97,"column":35}},"loc":{"start":{"line":97,"column":40},"end":{"line":99,"column":3}},"line":97},"19":{"name":"(anonymous_19)","decl":{"start":{"line":102,"column":18},"end":{"line":102,"column":19}},"loc":{"start":{"line":102,"column":46},"end":{"line":114,"column":1}},"line":102},"20":{"name":"(anonymous_20)","decl":{"start":{"line":117,"column":2},"end":{"line":117,"column":3}},"loc":{"start":{"line":117,"column":23},"end":{"line":121,"column":3}},"line":117},"21":{"name":"(anonymous_21)","decl":{"start":{"line":123,"column":2},"end":{"line":123,"column":3}},"loc":{"start":{"line":123,"column":12},"end":{"line":131,"column":3}},"line":123},"22":{"name":"(anonymous_22)","decl":{"start":{"line":128,"column":43},"end":{"line":128,"column":44}},"loc":{"start":{"line":128,"column":49},"end":{"line":128,"column":82}},"line":128},"23":{"name":"(anonymous_23)","decl":{"start":{"line":134,"column":24},"end":{"line":134,"column":25}},"loc":{"start":{"line":134,"column":36},"end":{"line":137,"column":1}},"line":134}},"branchMap":{"0":{"loc":{"start":{"line":19,"column":4},"end":{"line":24,"column":5}},"type":"if","locations":[{"start":{"line":19,"column":4},"end":{"line":24,"column":5}},{"start":{"line":19,"column":4},"end":{"line":24,"column":5}}],"line":19},"1":{"loc":{"start":{"line":19,"column":8},"end":{"line":19,"column":41}},"type":"binary-expr","locations":[{"start":{"line":19,"column":8},"end":{"line":19,"column":25}},{"start":{"line":19,"column":29},"end":{"line":19,"column":41}}],"line":19},"2":{"loc":{"start":{"line":21,"column":11},"end":{"line":24,"column":5}},"type":"if","locations":[{"start":{"line":21,"column":11},"end":{"line":24,"column":5}},{"start":{"line":21,"column":11},"end":{"line":24,"column":5}}],"line":21},"3":{"loc":{"start":{"line":21,"column":15},"end":{"line":21,"column":75}},"type":"binary-expr","locations":[{"start":{"line":21,"column":15},"end":{"line":21,"column":43}},{"start":{"line":21,"column":47},"end":{"line":21,"column":75}}],"line":21},"4":{"loc":{"start":{"line":48,"column":6},"end":{"line":52,"column":7}},"type":"if","locations":[{"start":{"line":48,"column":6},"end":{"line":52,"column":7}},{"start":{"line":48,"column":6},"end":{"line":52,"column":7}}],"line":48},"5":{"loc":{"start":{"line":48,"column":10},"end":{"line":48,"column":59}},"type":"binary-expr","locations":[{"start":{"line":48,"column":10},"end":{"line":48,"column":35}},{"start":{"line":48,"column":39},"end":{"line":48,"column":59}}],"line":48},"6":{"loc":{"start":{"line":82,"column":6},"end":{"line":84,"column":7}},"type":"if","locations":[{"start":{"line":82,"column":6},"end":{"line":84,"column":7}},{"start":{"line":82,"column":6},"end":{"line":84,"column":7}}],"line":82},"7":{"loc":{"start":{"line":85,"column":6},"end":{"line":87,"column":7}},"type":"if","locations":[{"start":{"line":85,"column":6},"end":{"line":87,"column":7}},{"start":{"line":85,"column":6},"end":{"line":87,"column":7}}],"line":85},"8":{"loc":{"start":{"line":94,"column":2},"end":{"line":96,"column":3}},"type":"if","locations":[{"start":{"line":94,"column":2},"end":{"line":96,"column":3}},{"start":{"line":94,"column":2},"end":{"line":96,"column":3}}],"line":94},"9":{"loc":{"start":{"line":104,"column":2},"end":{"line":108,"column":3}},"type":"if","locations":[{"start":{"line":104,"column":2},"end":{"line":108,"column":3}},{"start":{"line":104,"column":2},"end":{"line":108,"column":3}}],"line":104},"10":{"loc":{"start":{"line":111,"column":2},"end":{"line":113,"column":3}},"type":"if","locations":[{"start":{"line":111,"column":2},"end":{"line":113,"column":3}},{"start":{"line":111,"column":2},"end":{"line":113,"column":3}}],"line":111}},"s":{"0":3,"1":3,"2":2,"3":2,"4":2,"5":2,"6":0,"7":0,"8":0,"9":3,"10":6,"11":6,"12":6,"13":6,"14":3,"15":6,"16":6,"17":6,"18":6,"19":6,"20":6,"21":6,"22":0,"23":6,"24":6,"25":0,"26":0,"27":3,"28":6,"29":6,"30":6,"31":6,"32":3,"33":6,"34":6,"35":3,"36":9,"37":9,"38":9,"39":0,"40":0,"41":0,"42":0,"43":9,"44":3,"45":4,"46":3,"47":4,"48":0,"49":3,"50":1,"51":1,"52":0,"53":1,"54":1,"55":1,"56":1,"57":3,"58":2,"59":2,"60":2,"61":2,"62":2,"63":1,"64":3,"65":4,"66":3,"67":3},"f":{"0":2,"1":2,"2":0,"3":0,"4":6,"5":6,"6":6,"7":6,"8":6,"9":0,"10":0,"11":6,"12":6,"13":6,"14":6,"15":9,"16":9,"17":4,"18":0,"19":1,"20":2,"21":2,"22":1,"23":4},"b":{"0":[0,2],"1":[2,2],"2":[0,2],"3":[2,0],"4":[0,6],"5":[6,6],"6":[0,0],"7":[0,0],"8":[3,1],"9":[1,0],"10":[1,0]},"_coverageSchema":"332fd63041d2c1bcb487cc26dd0d5f7d97098a6c","hash":"8c7af48a2b36c93549ff2c66e5cd08ec721a344a"}
,"/Users/fet/wd/phetter/neon-wallet/app/components/Send.js": {"path":"/Users/fet/wd/phetter/neon-wallet/app/components/Send.js","statementMap":{"0":{"start":{"line":14,"column":21},"end":{"line":45,"column":1}},"1":{"start":{"line":16,"column":2},"end":{"line":26,"column":3}},"2":{"start":{"line":17,"column":4},"end":{"line":21,"column":5}},"3":{"start":{"line":18,"column":6},"end":{"line":18,"column":74}},"4":{"start":{"line":19,"column":6},"end":{"line":19,"column":63}},"5":{"start":{"line":19,"column":23},"end":{"line":19,"column":56}},"6":{"start":{"line":20,"column":6},"end":{"line":20,"column":18}},"7":{"start":{"line":23,"column":4},"end":{"line":23,"column":72}},"8":{"start":{"line":24,"column":4},"end":{"line":24,"column":61}},"9":{"start":{"line":24,"column":21},"end":{"line":24,"column":54}},"10":{"start":{"line":25,"column":4},"end":{"line":25,"column":16}},"11":{"start":{"line":27,"column":2},"end":{"line":43,"column":3}},"12":{"start":{"line":28,"column":4},"end":{"line":28,"column":76}},"13":{"start":{"line":29,"column":4},"end":{"line":29,"column":61}},"14":{"start":{"line":29,"column":21},"end":{"line":29,"column":54}},"15":{"start":{"line":30,"column":4},"end":{"line":30,"column":16}},"16":{"start":{"line":31,"column":9},"end":{"line":43,"column":3}},"17":{"start":{"line":32,"column":4},"end":{"line":32,"column":69}},"18":{"start":{"line":33,"column":4},"end":{"line":33,"column":61}},"19":{"start":{"line":33,"column":21},"end":{"line":33,"column":54}},"20":{"start":{"line":34,"column":4},"end":{"line":34,"column":16}},"21":{"start":{"line":35,"column":9},"end":{"line":43,"column":3}},"22":{"start":{"line":36,"column":4},"end":{"line":36,"column":69}},"23":{"start":{"line":37,"column":4},"end":{"line":37,"column":61}},"24":{"start":{"line":37,"column":21},"end":{"line":37,"column":54}},"25":{"start":{"line":38,"column":4},"end":{"line":38,"column":16}},"26":{"start":{"line":39,"column":9},"end":{"line":43,"column":3}},"27":{"start":{"line":40,"column":4},"end":{"line":40,"column":79}},"28":{"start":{"line":41,"column":4},"end":{"line":41,"column":61}},"29":{"start":{"line":41,"column":21},"end":{"line":41,"column":54}},"30":{"start":{"line":42,"column":4},"end":{"line":42,"column":16}},"31":{"start":{"line":44,"column":2},"end":{"line":44,"column":13}},"32":{"start":{"line":48,"column":24},"end":{"line":52,"column":1}},"33":{"start":{"line":49,"column":2},"end":{"line":51,"column":3}},"34":{"start":{"line":50,"column":4},"end":{"line":50,"column":39}},"35":{"start":{"line":55,"column":24},"end":{"line":90,"column":1}},"36":{"start":{"line":57,"column":2},"end":{"line":65,"column":3}},"37":{"start":{"line":58,"column":4},"end":{"line":58,"column":21}},"38":{"start":{"line":59,"column":9},"end":{"line":65,"column":3}},"39":{"start":{"line":60,"column":4},"end":{"line":60,"column":21}},"40":{"start":{"line":62,"column":4},"end":{"line":62,"column":62}},"41":{"start":{"line":63,"column":4},"end":{"line":63,"column":61}},"42":{"start":{"line":63,"column":21},"end":{"line":63,"column":54}},"43":{"start":{"line":64,"column":4},"end":{"line":64,"column":16}},"44":{"start":{"line":67,"column":2},"end":{"line":84,"column":3}},"45":{"start":{"line":68,"column":20},"end":{"line":68,"column":22}},"46":{"start":{"line":69,"column":4},"end":{"line":69,"column":43}},"47":{"start":{"line":70,"column":4},"end":{"line":70,"column":46}},"48":{"start":{"line":71,"column":4},"end":{"line":71,"column":98}},"49":{"start":{"line":72,"column":4},"end":{"line":83,"column":6}},"50":{"start":{"line":73,"column":6},"end":{"line":78,"column":7}},"51":{"start":{"line":74,"column":8},"end":{"line":74,"column":57}},"52":{"start":{"line":76,"column":8},"end":{"line":76,"column":36}},"53":{"start":{"line":77,"column":8},"end":{"line":77,"column":135}},"54":{"start":{"line":79,"column":6},"end":{"line":79,"column":63}},"55":{"start":{"line":79,"column":23},"end":{"line":79,"column":56}},"56":{"start":{"line":81,"column":6},"end":{"line":81,"column":55}},"57":{"start":{"line":82,"column":6},"end":{"line":82,"column":63}},"58":{"start":{"line":82,"column":23},"end":{"line":82,"column":56}},"59":{"start":{"line":86,"column":2},"end":{"line":86,"column":37}},"60":{"start":{"line":87,"column":2},"end":{"line":87,"column":24}},"61":{"start":{"line":88,"column":2},"end":{"line":88,"column":23}},"62":{"start":{"line":89,"column":2},"end":{"line":89,"column":22}},"63":{"start":{"line":92,"column":11},"end":{"line":117,"column":1}},"64":{"start":{"line":94,"column":2},"end":{"line":98,"column":3}},"65":{"start":{"line":95,"column":4},"end":{"line":95,"column":30}},"66":{"start":{"line":97,"column":4},"end":{"line":97,"column":29}},"67":{"start":{"line":99,"column":2},"end":{"line":116,"column":15}},"68":{"start":{"line":102,"column":78},"end":{"line":102,"column":96}},"69":{"start":{"line":105,"column":51},"end":{"line":105,"column":68}},"70":{"start":{"line":107,"column":73},"end":{"line":107,"column":96}},"71":{"start":{"line":111,"column":41},"end":{"line":111,"column":91}},"72":{"start":{"line":113,"column":41},"end":{"line":113,"column":110}},"73":{"start":{"line":114,"column":29},"end":{"line":114,"column":49}},"74":{"start":{"line":119,"column":24},"end":{"line":127,"column":2}},"75":{"start":{"line":119,"column":36},"end":{"line":127,"column":1}},"76":{"start":{"line":129,"column":0},"end":{"line":139,"column":1}},"77":{"start":{"line":141,"column":0},"end":{"line":141,"column":37}}},"fnMap":{"0":{"name":"(anonymous_0)","decl":{"start":{"line":14,"column":21},"end":{"line":14,"column":22}},"loc":{"start":{"line":14,"column":66},"end":{"line":45,"column":1}},"line":14},"1":{"name":"(anonymous_1)","decl":{"start":{"line":19,"column":17},"end":{"line":19,"column":18}},"loc":{"start":{"line":19,"column":23},"end":{"line":19,"column":56}},"line":19},"2":{"name":"(anonymous_2)","decl":{"start":{"line":24,"column":15},"end":{"line":24,"column":16}},"loc":{"start":{"line":24,"column":21},"end":{"line":24,"column":54}},"line":24},"3":{"name":"(anonymous_3)","decl":{"start":{"line":29,"column":15},"end":{"line":29,"column":16}},"loc":{"start":{"line":29,"column":21},"end":{"line":29,"column":54}},"line":29},"4":{"name":"(anonymous_4)","decl":{"start":{"line":33,"column":15},"end":{"line":33,"column":16}},"loc":{"start":{"line":33,"column":21},"end":{"line":33,"column":54}},"line":33},"5":{"name":"(anonymous_5)","decl":{"start":{"line":37,"column":15},"end":{"line":37,"column":16}},"loc":{"start":{"line":37,"column":21},"end":{"line":37,"column":54}},"line":37},"6":{"name":"(anonymous_6)","decl":{"start":{"line":41,"column":15},"end":{"line":41,"column":16}},"loc":{"start":{"line":41,"column":21},"end":{"line":41,"column":54}},"line":41},"7":{"name":"(anonymous_7)","decl":{"start":{"line":48,"column":24},"end":{"line":48,"column":25}},"loc":{"start":{"line":48,"column":69},"end":{"line":52,"column":1}},"line":48},"8":{"name":"(anonymous_8)","decl":{"start":{"line":55,"column":24},"end":{"line":55,"column":25}},"loc":{"start":{"line":55,"column":92},"end":{"line":90,"column":1}},"line":55},"9":{"name":"(anonymous_9)","decl":{"start":{"line":63,"column":15},"end":{"line":63,"column":16}},"loc":{"start":{"line":63,"column":21},"end":{"line":63,"column":54}},"line":63},"10":{"name":"(anonymous_10)","decl":{"start":{"line":72,"column":61},"end":{"line":72,"column":62}},"loc":{"start":{"line":72,"column":75},"end":{"line":80,"column":5}},"line":72},"11":{"name":"(anonymous_11)","decl":{"start":{"line":79,"column":17},"end":{"line":79,"column":18}},"loc":{"start":{"line":79,"column":23},"end":{"line":79,"column":56}},"line":79},"12":{"name":"(anonymous_12)","decl":{"start":{"line":80,"column":13},"end":{"line":80,"column":14}},"loc":{"start":{"line":80,"column":20},"end":{"line":83,"column":5}},"line":80},"13":{"name":"(anonymous_13)","decl":{"start":{"line":82,"column":17},"end":{"line":82,"column":18}},"loc":{"start":{"line":82,"column":23},"end":{"line":82,"column":56}},"line":82},"14":{"name":"(anonymous_14)","decl":{"start":{"line":92,"column":11},"end":{"line":92,"column":12}},"loc":{"start":{"line":92,"column":94},"end":{"line":117,"column":1}},"line":92},"15":{"name":"(anonymous_15)","decl":{"start":{"line":102,"column":68},"end":{"line":102,"column":69}},"loc":{"start":{"line":102,"column":76},"end":{"line":102,"column":98}},"line":102},"16":{"name":"(anonymous_16)","decl":{"start":{"line":105,"column":41},"end":{"line":105,"column":42}},"loc":{"start":{"line":105,"column":49},"end":{"line":105,"column":70}},"line":105},"17":{"name":"(anonymous_17)","decl":{"start":{"line":107,"column":67},"end":{"line":107,"column":68}},"loc":{"start":{"line":107,"column":73},"end":{"line":107,"column":96}},"line":107},"18":{"name":"(anonymous_18)","decl":{"start":{"line":111,"column":35},"end":{"line":111,"column":36}},"loc":{"start":{"line":111,"column":41},"end":{"line":111,"column":91}},"line":111},"19":{"name":"(anonymous_19)","decl":{"start":{"line":113,"column":35},"end":{"line":113,"column":36}},"loc":{"start":{"line":113,"column":41},"end":{"line":113,"column":110}},"line":113},"20":{"name":"(anonymous_20)","decl":{"start":{"line":114,"column":19},"end":{"line":114,"column":20}},"loc":{"start":{"line":114,"column":27},"end":{"line":114,"column":51}},"line":114},"21":{"name":"(anonymous_21)","decl":{"start":{"line":119,"column":24},"end":{"line":119,"column":25}},"loc":{"start":{"line":119,"column":36},"end":{"line":127,"column":1}},"line":119}},"branchMap":{"0":{"loc":{"start":{"line":17,"column":4},"end":{"line":21,"column":5}},"type":"if","locations":[{"start":{"line":17,"column":4},"end":{"line":21,"column":5}},{"start":{"line":17,"column":4},"end":{"line":21,"column":5}}],"line":17},"1":{"loc":{"start":{"line":17,"column":8},"end":{"line":17,"column":88}},"type":"binary-expr","locations":[{"start":{"line":17,"column":8},"end":{"line":17,"column":49}},{"start":{"line":17,"column":53},"end":{"line":17,"column":88}}],"line":17},"2":{"loc":{"start":{"line":27,"column":2},"end":{"line":43,"column":3}},"type":"if","locations":[{"start":{"line":27,"column":2},"end":{"line":43,"column":3}},{"start":{"line":27,"column":2},"end":{"line":43,"column":3}}],"line":27},"3":{"loc":{"start":{"line":27,"column":6},"end":{"line":27,"column":84}},"type":"binary-expr","locations":[{"start":{"line":27,"column":6},"end":{"line":27,"column":21}},{"start":{"line":27,"column":25},"end":{"line":27,"column":84}}],"line":27},"4":{"loc":{"start":{"line":31,"column":9},"end":{"line":43,"column":3}},"type":"if","locations":[{"start":{"line":31,"column":9},"end":{"line":43,"column":3}},{"start":{"line":31,"column":9},"end":{"line":43,"column":3}}],"line":31},"5":{"loc":{"start":{"line":31,"column":13},"end":{"line":31,"column":71}},"type":"binary-expr","locations":[{"start":{"line":31,"column":13},"end":{"line":31,"column":28}},{"start":{"line":31,"column":32},"end":{"line":31,"column":71}}],"line":31},"6":{"loc":{"start":{"line":35,"column":9},"end":{"line":43,"column":3}},"type":"if","locations":[{"start":{"line":35,"column":9},"end":{"line":43,"column":3}},{"start":{"line":35,"column":9},"end":{"line":43,"column":3}}],"line":35},"7":{"loc":{"start":{"line":35,"column":13},"end":{"line":35,"column":73}},"type":"binary-expr","locations":[{"start":{"line":35,"column":13},"end":{"line":35,"column":28}},{"start":{"line":35,"column":32},"end":{"line":35,"column":73}}],"line":35},"8":{"loc":{"start":{"line":39,"column":9},"end":{"line":43,"column":3}},"type":"if","locations":[{"start":{"line":39,"column":9},"end":{"line":43,"column":3}},{"start":{"line":39,"column":9},"end":{"line":43,"column":3}}],"line":39},"9":{"loc":{"start":{"line":49,"column":2},"end":{"line":51,"column":3}},"type":"if","locations":[{"start":{"line":49,"column":2},"end":{"line":51,"column":3}},{"start":{"line":49,"column":2},"end":{"line":51,"column":3}}],"line":49},"10":{"loc":{"start":{"line":57,"column":2},"end":{"line":65,"column":3}},"type":"if","locations":[{"start":{"line":57,"column":2},"end":{"line":65,"column":3}},{"start":{"line":57,"column":2},"end":{"line":65,"column":3}}],"line":57},"11":{"loc":{"start":{"line":59,"column":9},"end":{"line":65,"column":3}},"type":"if","locations":[{"start":{"line":59,"column":9},"end":{"line":65,"column":3}},{"start":{"line":59,"column":9},"end":{"line":65,"column":3}}],"line":59},"12":{"loc":{"start":{"line":67,"column":2},"end":{"line":84,"column":3}},"type":"if","locations":[{"start":{"line":67,"column":2},"end":{"line":84,"column":3}},{"start":{"line":67,"column":2},"end":{"line":84,"column":3}}],"line":67},"13":{"loc":{"start":{"line":73,"column":6},"end":{"line":78,"column":7}},"type":"if","locations":[{"start":{"line":73,"column":6},"end":{"line":78,"column":7}},{"start":{"line":73,"column":6},"end":{"line":78,"column":7}}],"line":73},"14":{"loc":{"start":{"line":73,"column":10},"end":{"line":73,"column":68}},"type":"binary-expr","locations":[{"start":{"line":73,"column":10},"end":{"line":73,"column":39}},{"start":{"line":73,"column":43},"end":{"line":73,"column":68}}],"line":73},"15":{"loc":{"start":{"line":94,"column":2},"end":{"line":98,"column":3}},"type":"if","locations":[{"start":{"line":94,"column":2},"end":{"line":98,"column":3}},{"start":{"line":94,"column":2},"end":{"line":98,"column":3}}],"line":94}},"s":{"0":1,"1":8,"2":8,"3":1,"4":1,"5":1,"6":1,"7":0,"8":0,"9":0,"10":0,"11":7,"12":1,"13":1,"14":1,"15":1,"16":6,"17":1,"18":1,"19":1,"20":1,"21":5,"22":1,"23":1,"24":1,"25":1,"26":4,"27":1,"28":1,"29":1,"30":1,"31":3,"32":1,"33":7,"34":2,"35":1,"36":1,"37":1,"38":0,"39":0,"40":0,"41":0,"42":0,"43":0,"44":1,"45":1,"46":1,"47":1,"48":1,"49":1,"50":1,"51":0,"52":1,"53":1,"54":1,"55":1,"56":0,"57":0,"58":0,"59":1,"60":1,"61":1,"62":1,"63":1,"64":5,"65":5,"66":0,"67":5,"68":3,"69":3,"70":1,"71":7,"72":1,"73":3,"74":1,"75":6,"76":1,"77":1},"f":{"0":8,"1":1,"2":0,"3":1,"4":1,"5":1,"6":1,"7":7,"8":1,"9":0,"10":1,"11":1,"12":0,"13":0,"14":5,"15":3,"16":3,"17":1,"18":7,"19":1,"20":3,"21":6},"b":{"0":[1,7],"1":[8,8],"2":[1,6],"3":[7,5],"4":[1,5],"5":[6,4],"6":[1,4],"7":[5,2],"8":[1,3],"9":[2,5],"10":[1,0],"11":[0,0],"12":[1,0],"13":[0,1],"14":[1,1],"15":[5,0]},"_coverageSchema":"332fd63041d2c1bcb487cc26dd0d5f7d97098a6c","hash":"352cbd8c149128a3b92ac0eab2da1941a3893184"}
,"/Users/fet/wd/phetter/neon-wallet/app/components/TransactionHistory.js": {"path":"/Users/fet/wd/phetter/neon-wallet/app/components/TransactionHistory.js","statementMap":{"0":{"start":{"line":8,"column":24},"end":{"line":24,"column":1}},"1":{"start":{"line":10,"column":2},"end":{"line":22,"column":3}},"2":{"start":{"line":11,"column":4},"end":{"line":15,"column":5}},"3":{"start":{"line":12,"column":6},"end":{"line":12,"column":40}},"4":{"start":{"line":14,"column":6},"end":{"line":14,"column":48}},"5":{"start":{"line":17,"column":4},"end":{"line":21,"column":5}},"6":{"start":{"line":18,"column":6},"end":{"line":18,"column":40}},"7":{"start":{"line":20,"column":6},"end":{"line":20,"column":48}},"8":{"start":{"line":23,"column":2},"end":{"line":23,"column":20}},"9":{"start":{"line":27,"column":21},"end":{"line":29,"column":1}},"10":{"start":{"line":28,"column":2},"end":{"line":28,"column":29}},"11":{"start":{"line":31,"column":25},"end":{"line":61,"column":1}},"12":{"start":{"line":33,"column":39},"end":{"line":33,"column":49}},"13":{"start":{"line":34,"column":4},"end":{"line":34,"column":50}},"14":{"start":{"line":38,"column":44},"end":{"line":38,"column":54}},"15":{"start":{"line":39,"column":4},"end":{"line":59,"column":5}},"16":{"start":{"line":45,"column":30},"end":{"line":45,"column":82}},"17":{"start":{"line":45,"column":39},"end":{"line":45,"column":82}},"18":{"start":{"line":46,"column":31},"end":{"line":46,"column":90}},"19":{"start":{"line":47,"column":12},"end":{"line":55,"column":20}},"20":{"start":{"line":51,"column":33},"end":{"line":51,"column":85}},"21":{"start":{"line":63,"column":24},"end":{"line":68,"column":2}},"22":{"start":{"line":63,"column":36},"end":{"line":68,"column":1}},"23":{"start":{"line":70,"column":0},"end":{"line":77,"column":1}},"24":{"start":{"line":79,"column":0},"end":{"line":79,"column":65}}},"fnMap":{"0":{"name":"(anonymous_0)","decl":{"start":{"line":8,"column":24},"end":{"line":8,"column":25}},"loc":{"start":{"line":8,"column":49},"end":{"line":24,"column":1}},"line":8},"1":{"name":"(anonymous_1)","decl":{"start":{"line":27,"column":21},"end":{"line":27,"column":22}},"loc":{"start":{"line":27,"column":34},"end":{"line":29,"column":1}},"line":27},"2":{"name":"(anonymous_2)","decl":{"start":{"line":32,"column":2},"end":{"line":32,"column":3}},"loc":{"start":{"line":32,"column":23},"end":{"line":35,"column":3}},"line":32},"3":{"name":"(anonymous_3)","decl":{"start":{"line":37,"column":2},"end":{"line":37,"column":3}},"loc":{"start":{"line":37,"column":12},"end":{"line":60,"column":3}},"line":37},"4":{"name":"(anonymous_4)","decl":{"start":{"line":44,"column":28},"end":{"line":44,"column":29}},"loc":{"start":{"line":44,"column":35},"end":{"line":56,"column":11}},"line":44},"5":{"name":"(anonymous_5)","decl":{"start":{"line":45,"column":30},"end":{"line":45,"column":31}},"loc":{"start":{"line":45,"column":39},"end":{"line":45,"column":82}},"line":45},"6":{"name":"(anonymous_6)","decl":{"start":{"line":51,"column":27},"end":{"line":51,"column":28}},"loc":{"start":{"line":51,"column":33},"end":{"line":51,"column":85}},"line":51},"7":{"name":"(anonymous_7)","decl":{"start":{"line":63,"column":24},"end":{"line":63,"column":25}},"loc":{"start":{"line":63,"column":36},"end":{"line":68,"column":1}},"line":63}},"branchMap":{"0":{"loc":{"start":{"line":10,"column":2},"end":{"line":22,"column":3}},"type":"if","locations":[{"start":{"line":10,"column":2},"end":{"line":22,"column":3}},{"start":{"line":10,"column":2},"end":{"line":22,"column":3}}],"line":10},"1":{"loc":{"start":{"line":11,"column":4},"end":{"line":15,"column":5}},"type":"if","locations":[{"start":{"line":11,"column":4},"end":{"line":15,"column":5}},{"start":{"line":11,"column":4},"end":{"line":15,"column":5}}],"line":11},"2":{"loc":{"start":{"line":17,"column":4},"end":{"line":21,"column":5}},"type":"if","locations":[{"start":{"line":17,"column":4},"end":{"line":21,"column":5}},{"start":{"line":17,"column":4},"end":{"line":21,"column":5}}],"line":17},"3":{"loc":{"start":{"line":46,"column":31},"end":{"line":46,"column":90}},"type":"cond-expr","locations":[{"start":{"line":46,"column":50},"end":{"line":46,"column":68}},{"start":{"line":46,"column":71},"end":{"line":46,"column":90}}],"line":46}},"s":{"0":1,"1":0,"2":0,"3":0,"4":0,"5":0,"6":0,"7":0,"8":0,"9":1,"10":0,"11":1,"12":2,"13":2,"14":2,"15":2,"16":2,"17":1,"18":2,"19":2,"20":0,"21":1,"22":4,"23":1,"24":1},"f":{"0":0,"1":0,"2":2,"3":2,"4":2,"5":1,"6":0,"7":4},"b":{"0":[0,0],"1":[0,0],"2":[0,0],"3":[1,1]},"_coverageSchema":"332fd63041d2c1bcb487cc26dd0d5f7d97098a6c","hash":"d9f36b3e56c760046647430534d6dcb7d0d64b16"}
,"/Users/fet/wd/phetter/neon-wallet/app/components/WalletInfo.js": {"path":"/Users/fet/wd/phetter/neon-wallet/app/components/WalletInfo.js","statementMap":{"0":{"start":{"line":15,"column":23},"end":{"line":21,"column":1}},"1":{"start":{"line":16,"column":2},"end":{"line":16,"column":44}},"2":{"start":{"line":17,"column":2},"end":{"line":20,"column":4}},"3":{"start":{"line":18,"column":4},"end":{"line":18,"column":72}},"4":{"start":{"line":19,"column":4},"end":{"line":19,"column":61}},"5":{"start":{"line":19,"column":21},"end":{"line":19,"column":54}},"6":{"start":{"line":23,"column":17},"end":{"line":73,"column":1}},"7":{"start":{"line":25,"column":39},"end":{"line":25,"column":49}},"8":{"start":{"line":26,"column":4},"end":{"line":26,"column":46}},"9":{"start":{"line":27,"column":4},"end":{"line":29,"column":6}},"10":{"start":{"line":28,"column":6},"end":{"line":28,"column":31}},"11":{"start":{"line":28,"column":15},"end":{"line":28,"column":31}},"12":{"start":{"line":33,"column":56},"end":{"line":33,"column":66}},"13":{"start":{"line":34,"column":4},"end":{"line":36,"column":5}},"14":{"start":{"line":35,"column":6},"end":{"line":35,"column":17}},"15":{"start":{"line":37,"column":4},"end":{"line":71,"column":5}},"16":{"start":{"line":42,"column":51},"end":{"line":42,"column":79}},"17":{"start":{"line":57,"column":57},"end":{"line":57,"column":95}},"18":{"start":{"line":69,"column":71},"end":{"line":69,"column":89}},"19":{"start":{"line":75,"column":24},"end":{"line":81,"column":2}},"20":{"start":{"line":75,"column":36},"end":{"line":81,"column":1}},"21":{"start":{"line":83,"column":0},"end":{"line":90,"column":1}},"22":{"start":{"line":92,"column":0},"end":{"line":92,"column":49}}},"fnMap":{"0":{"name":"(anonymous_0)","decl":{"start":{"line":15,"column":23},"end":{"line":15,"column":24}},"loc":{"start":{"line":15,"column":51},"end":{"line":21,"column":1}},"line":15},"1":{"name":"(anonymous_1)","decl":{"start":{"line":17,"column":50},"end":{"line":17,"column":51}},"loc":{"start":{"line":17,"column":64},"end":{"line":20,"column":3}},"line":17},"2":{"name":"(anonymous_2)","decl":{"start":{"line":19,"column":15},"end":{"line":19,"column":16}},"loc":{"start":{"line":19,"column":21},"end":{"line":19,"column":54}},"line":19},"3":{"name":"(anonymous_3)","decl":{"start":{"line":24,"column":2},"end":{"line":24,"column":3}},"loc":{"start":{"line":24,"column":23},"end":{"line":30,"column":3}},"line":24},"4":{"name":"(anonymous_4)","decl":{"start":{"line":27,"column":58},"end":{"line":27,"column":59}},"loc":{"start":{"line":27,"column":67},"end":{"line":29,"column":5}},"line":27},"5":{"name":"(anonymous_5)","decl":{"start":{"line":32,"column":2},"end":{"line":32,"column":3}},"loc":{"start":{"line":32,"column":12},"end":{"line":72,"column":3}},"line":32},"6":{"name":"(anonymous_6)","decl":{"start":{"line":42,"column":45},"end":{"line":42,"column":46}},"loc":{"start":{"line":42,"column":51},"end":{"line":42,"column":79}},"line":42},"7":{"name":"(anonymous_7)","decl":{"start":{"line":57,"column":51},"end":{"line":57,"column":52}},"loc":{"start":{"line":57,"column":57},"end":{"line":57,"column":95}},"line":57},"8":{"name":"(anonymous_8)","decl":{"start":{"line":69,"column":59},"end":{"line":69,"column":60}},"loc":{"start":{"line":69,"column":69},"end":{"line":69,"column":91}},"line":69},"9":{"name":"(anonymous_9)","decl":{"start":{"line":75,"column":24},"end":{"line":75,"column":25}},"loc":{"start":{"line":75,"column":36},"end":{"line":81,"column":1}},"line":75}},"branchMap":{"0":{"loc":{"start":{"line":28,"column":6},"end":{"line":28,"column":31}},"type":"if","locations":[{"start":{"line":28,"column":6},"end":{"line":28,"column":31}},{"start":{"line":28,"column":6},"end":{"line":28,"column":31}}],"line":28},"1":{"loc":{"start":{"line":34,"column":4},"end":{"line":36,"column":5}},"type":"if","locations":[{"start":{"line":34,"column":4},"end":{"line":36,"column":5}},{"start":{"line":34,"column":4},"end":{"line":36,"column":5}}],"line":34}},"s":{"0":1,"1":1,"2":1,"3":1,"4":1,"5":1,"6":1,"7":4,"8":4,"9":4,"10":0,"11":0,"12":4,"13":4,"14":0,"15":4,"16":1,"17":1,"18":2,"19":1,"20":5,"21":1,"22":1},"f":{"0":1,"1":1,"2":1,"3":4,"4":0,"5":4,"6":1,"7":1,"8":2,"9":5},"b":{"0":[0,0],"1":[0,4]},"_coverageSchema":"332fd63041d2c1bcb487cc26dd0d5f7d97098a6c","hash":"0e18adfe7d2f905f14d3cd32eca8d80b658b6f8a"}
,"/Users/fet/wd/phetter/neon-wallet/app/modules/account.js": {"path":"/Users/fet/wd/phetter/neon-wallet/app/modules/account.js","statementMap":{"0":{"start":{"line":4,"column":21},"end":{"line":4,"column":28}},"1":{"start":{"line":5,"column":22},"end":{"line":5,"column":30}},"2":{"start":{"line":6,"column":30},"end":{"line":6,"column":46}},"3":{"start":{"line":7,"column":24},"end":{"line":7,"column":34}},"4":{"start":{"line":11,"column":2},"end":{"line":14,"column":3}},"5":{"start":{"line":18,"column":2},"end":{"line":20,"column":3}},"6":{"start":{"line":24,"column":2},"end":{"line":27,"column":3}},"7":{"start":{"line":31,"column":2},"end":{"line":34,"column":3}},"8":{"start":{"line":39,"column":2},"end":{"line":57,"column":3}},"9":{"start":{"line":42,"column":6},"end":{"line":44,"column":38}},"10":{"start":{"line":43,"column":8},"end":{"line":43,"column":54}},"11":{"start":{"line":44,"column":20},"end":{"line":44,"column":36}},"12":{"start":{"line":45,"column":6},"end":{"line":47,"column":7}},"13":{"start":{"line":46,"column":8},"end":{"line":46,"column":59}},"14":{"start":{"line":48,"column":6},"end":{"line":48,"column":105}},"15":{"start":{"line":50,"column":6},"end":{"line":50,"column":89}},"16":{"start":{"line":52,"column":6},"end":{"line":52,"column":49}},"17":{"start":{"line":54,"column":6},"end":{"line":54,"column":49}},"18":{"start":{"line":56,"column":6},"end":{"line":56,"column":18}}},"fnMap":{"0":{"name":"login","decl":{"start":{"line":10,"column":16},"end":{"line":10,"column":21}},"loc":{"start":{"line":10,"column":28},"end":{"line":15,"column":1}},"line":10},"1":{"name":"logout","decl":{"start":{"line":17,"column":16},"end":{"line":17,"column":22}},"loc":{"start":{"line":17,"column":26},"end":{"line":21,"column":1}},"line":17},"2":{"name":"decrypting","decl":{"start":{"line":23,"column":16},"end":{"line":23,"column":26}},"loc":{"start":{"line":23,"column":34},"end":{"line":28,"column":1}},"line":23},"3":{"name":"setKeys","decl":{"start":{"line":30,"column":16},"end":{"line":30,"column":23}},"loc":{"start":{"line":30,"column":31},"end":{"line":35,"column":1}},"line":30},"4":{"name":"(anonymous_4)","decl":{"start":{"line":38,"column":15},"end":{"line":38,"column":16}},"loc":{"start":{"line":38,"column":135},"end":{"line":58,"column":1}},"line":38}},"branchMap":{"0":{"loc":{"start":{"line":38,"column":16},"end":{"line":38,"column":122}},"type":"default-arg","locations":[{"start":{"line":38,"column":24},"end":{"line":38,"column":122}}],"line":38},"1":{"loc":{"start":{"line":39,"column":2},"end":{"line":57,"column":3}},"type":"switch","locations":[{"start":{"line":40,"column":4},"end":{"line":48,"column":105}},{"start":{"line":49,"column":4},"end":{"line":50,"column":89}},{"start":{"line":51,"column":4},"end":{"line":52,"column":49}},{"start":{"line":53,"column":4},"end":{"line":54,"column":49}},{"start":{"line":55,"column":4},"end":{"line":56,"column":18}}],"line":39},"2":{"loc":{"start":{"line":45,"column":6},"end":{"line":47,"column":7}},"type":"if","locations":[{"start":{"line":45,"column":6},"end":{"line":47,"column":7}},{"start":{"line":45,"column":6},"end":{"line":47,"column":7}}],"line":45},"3":{"loc":{"start":{"line":45,"column":10},"end":{"line":45,"column":79}},"type":"binary-expr","locations":[{"start":{"line":45,"column":10},"end":{"line":45,"column":28}},{"start":{"line":45,"column":32},"end":{"line":45,"column":50}},{"start":{"line":45,"column":54},"end":{"line":45,"column":79}}],"line":45}},"s":{"0":4,"1":4,"2":4,"3":4,"4":1,"5":2,"6":0,"7":0,"8":3,"9":0,"10":0,"11":0,"12":0,"13":0,"14":0,"15":0,"16":0,"17":0,"18":3},"f":{"0":1,"1":2,"2":0,"3":0,"4":3},"b":{"0":[3],"1":[0,0,0,0,3],"2":[0,0],"3":[0,0,0]},"_coverageSchema":"332fd63041d2c1bcb487cc26dd0d5f7d97098a6c","hash":"55f3e6f6471154466338919b04022b133027d9f4"}
,"/Users/fet/wd/phetter/neon-wallet/app/modules/claim.js": {"path":"/Users/fet/wd/phetter/neon-wallet/app/modules/claim.js","statementMap":{"0":{"start":{"line":2,"column":25},"end":{"line":2,"column":36}},"1":{"start":{"line":3,"column":33},"end":{"line":3,"column":52}},"2":{"start":{"line":4,"column":29},"end":{"line":4,"column":44}},"3":{"start":{"line":8,"column":2},"end":{"line":12,"column":3}},"4":{"start":{"line":16,"column":2},"end":{"line":19,"column":3}},"5":{"start":{"line":23,"column":2},"end":{"line":26,"column":3}},"6":{"start":{"line":31,"column":2},"end":{"line":46,"column":3}},"7":{"start":{"line":33,"column":6},"end":{"line":33,"column":57}},"8":{"start":{"line":34,"column":6},"end":{"line":34,"column":54}},"9":{"start":{"line":36,"column":28},"end":{"line":36,"column":33}},"10":{"start":{"line":37,"column":6},"end":{"line":39,"column":7}},"11":{"start":{"line":38,"column":8},"end":{"line":38,"column":30}},"12":{"start":{"line":40,"column":6},"end":{"line":40,"column":71}},"13":{"start":{"line":41,"column":6},"end":{"line":41,"column":184}},"14":{"start":{"line":43,"column":6},"end":{"line":43,"column":58}},"15":{"start":{"line":45,"column":6},"end":{"line":45,"column":18}}},"fnMap":{"0":{"name":"setClaim","decl":{"start":{"line":7,"column":16},"end":{"line":7,"column":24}},"loc":{"start":{"line":7,"column":50},"end":{"line":13,"column":1}},"line":7},"1":{"name":"setClaimRequest","decl":{"start":{"line":15,"column":16},"end":{"line":15,"column":31}},"loc":{"start":{"line":15,"column":41},"end":{"line":20,"column":1}},"line":15},"2":{"name":"disableClaim","decl":{"start":{"line":22,"column":16},"end":{"line":22,"column":28}},"loc":{"start":{"line":22,"column":38},"end":{"line":27,"column":1}},"line":22},"3":{"name":"(anonymous_3)","decl":{"start":{"line":30,"column":15},"end":{"line":30,"column":16}},"loc":{"start":{"line":30,"column":167},"end":{"line":47,"column":1}},"line":30}},"branchMap":{"0":{"loc":{"start":{"line":30,"column":16},"end":{"line":30,"column":154}},"type":"default-arg","locations":[{"start":{"line":30,"column":24},"end":{"line":30,"column":154}}],"line":30},"1":{"loc":{"start":{"line":31,"column":2},"end":{"line":46,"column":3}},"type":"switch","locations":[{"start":{"line":32,"column":4},"end":{"line":34,"column":54}},{"start":{"line":35,"column":4},"end":{"line":41,"column":184}},{"start":{"line":42,"column":4},"end":{"line":43,"column":58}},{"start":{"line":44,"column":4},"end":{"line":45,"column":18}}],"line":31},"2":{"loc":{"start":{"line":37,"column":6},"end":{"line":39,"column":7}},"type":"if","locations":[{"start":{"line":37,"column":6},"end":{"line":39,"column":7}},{"start":{"line":37,"column":6},"end":{"line":39,"column":7}}],"line":37},"3":{"loc":{"start":{"line":37,"column":10},"end":{"line":37,"column":80}},"type":"binary-expr","locations":[{"start":{"line":37,"column":10},"end":{"line":37,"column":49}},{"start":{"line":37,"column":53},"end":{"line":37,"column":80}}],"line":37}},"s":{"0":5,"1":5,"2":5,"3":6,"4":5,"5":1,"6":3,"7":0,"8":0,"9":0,"10":0,"11":0,"12":0,"13":0,"14":0,"15":3},"f":{"0":6,"1":5,"2":1,"3":3},"b":{"0":[3],"1":[0,0,0,3],"2":[0,0],"3":[0,0]},"_coverageSchema":"332fd63041d2c1bcb487cc26dd0d5f7d97098a6c","hash":"8c22a8c66ea5c77bfffaf427b1a2d244abc47753"}
,"/Users/fet/wd/phetter/neon-wallet/app/modules/dashboard.js": {"path":"/Users/fet/wd/phetter/neon-wallet/app/modules/dashboard.js","statementMap":{"0":{"start":{"line":2,"column":32},"end":{"line":2,"column":50}},"1":{"start":{"line":6,"column":2},"end":{"line":9,"column":3}},"2":{"start":{"line":14,"column":2},"end":{"line":21,"column":3}},"3":{"start":{"line":16,"column":21},"end":{"line":16,"column":23}},"4":{"start":{"line":17,"column":6},"end":{"line":17,"column":49}},"5":{"start":{"line":18,"column":6},"end":{"line":18,"column":38}},"6":{"start":{"line":20,"column":6},"end":{"line":20,"column":18}}},"fnMap":{"0":{"name":"togglePane","decl":{"start":{"line":5,"column":16},"end":{"line":5,"column":26}},"loc":{"start":{"line":5,"column":34},"end":{"line":10,"column":1}},"line":5},"1":{"name":"(anonymous_1)","decl":{"start":{"line":13,"column":15},"end":{"line":13,"column":16}},"loc":{"start":{"line":13,"column":74},"end":{"line":22,"column":1}},"line":13}},"branchMap":{"0":{"loc":{"start":{"line":13,"column":16},"end":{"line":13,"column":61}},"type":"default-arg","locations":[{"start":{"line":13,"column":24},"end":{"line":13,"column":61}}],"line":13},"1":{"loc":{"start":{"line":14,"column":2},"end":{"line":21,"column":3}},"type":"switch","locations":[{"start":{"line":15,"column":4},"end":{"line":18,"column":38}},{"start":{"line":19,"column":4},"end":{"line":20,"column":18}}],"line":14}},"s":{"0":3,"1":4,"2":5,"3":1,"4":1,"5":1,"6":4},"f":{"0":4,"1":5},"b":{"0":[5],"1":[1,4]},"_coverageSchema":"332fd63041d2c1bcb487cc26dd0d5f7d97098a6c","hash":"20e9f5f63696f15d52ded83a00da93feb3a362db"}
,"/Users/fet/wd/phetter/neon-wallet/app/modules/generateWallet.js": {"path":"/Users/fet/wd/phetter/neon-wallet/app/modules/generateWallet.js","statementMap":{"0":{"start":{"line":4,"column":31},"end":{"line":4,"column":48}},"1":{"start":{"line":5,"column":26},"end":{"line":5,"column":38}},"2":{"start":{"line":6,"column":30},"end":{"line":6,"column":46}},"3":{"start":{"line":7,"column":25},"end":{"line":7,"column":36}},"4":{"start":{"line":11,"column":2},"end":{"line":14,"column":3}},"5":{"start":{"line":18,"column":2},"end":{"line":24,"column":3}},"6":{"start":{"line":28,"column":2},"end":{"line":31,"column":3}},"7":{"start":{"line":35,"column":2},"end":{"line":37,"column":3}},"8":{"start":{"line":42,"column":2},"end":{"line":57,"column":3}},"9":{"start":{"line":44,"column":28},"end":{"line":44,"column":48}},"10":{"start":{"line":45,"column":21},"end":{"line":45,"column":56}},"11":{"start":{"line":46,"column":27},"end":{"line":46,"column":64}},"12":{"start":{"line":47,"column":26},"end":{"line":47,"column":54}},"13":{"start":{"line":48,"column":6},"end":{"line":48,"column":111}},"14":{"start":{"line":50,"column":6},"end":{"line":50,"column":150}},"15":{"start":{"line":52,"column":6},"end":{"line":52,"column":49}},"16":{"start":{"line":54,"column":6},"end":{"line":54,"column":96}},"17":{"start":{"line":56,"column":6},"end":{"line":56,"column":18}}},"fnMap":{"0":{"name":"newWalletKeys","decl":{"start":{"line":10,"column":16},"end":{"line":10,"column":29}},"loc":{"start":{"line":10,"column":43},"end":{"line":15,"column":1}},"line":10},"1":{"name":"newWallet","decl":{"start":{"line":17,"column":16},"end":{"line":17,"column":25}},"loc":{"start":{"line":17,"column":36},"end":{"line":25,"column":1}},"line":17},"2":{"name":"generating","decl":{"start":{"line":27,"column":16},"end":{"line":27,"column":26}},"loc":{"start":{"line":27,"column":34},"end":{"line":32,"column":1}},"line":27},"3":{"name":"resetKey","decl":{"start":{"line":34,"column":16},"end":{"line":34,"column":24}},"loc":{"start":{"line":34,"column":28},"end":{"line":38,"column":1}},"line":34},"4":{"name":"(anonymous_4)","decl":{"start":{"line":41,"column":15},"end":{"line":41,"column":16}},"loc":{"start":{"line":41,"column":122},"end":{"line":58,"column":1}},"line":41}},"branchMap":{"0":{"loc":{"start":{"line":41,"column":16},"end":{"line":41,"column":109}},"type":"default-arg","locations":[{"start":{"line":41,"column":24},"end":{"line":41,"column":109}}],"line":41},"1":{"loc":{"start":{"line":42,"column":2},"end":{"line":57,"column":3}},"type":"switch","locations":[{"start":{"line":43,"column":4},"end":{"line":48,"column":111}},{"start":{"line":49,"column":4},"end":{"line":50,"column":150}},{"start":{"line":51,"column":4},"end":{"line":52,"column":49}},{"start":{"line":53,"column":4},"end":{"line":54,"column":96}},{"start":{"line":55,"column":4},"end":{"line":56,"column":18}}],"line":42}},"s":{"0":2,"1":2,"2":2,"3":2,"4":1,"5":1,"6":1,"7":1,"8":8,"9":1,"10":1,"11":1,"12":1,"13":1,"14":1,"15":1,"16":1,"17":4},"f":{"0":1,"1":1,"2":1,"3":1,"4":8},"b":{"0":[8],"1":[1,1,1,1,4]},"_coverageSchema":"332fd63041d2c1bcb487cc26dd0d5f7d97098a6c","hash":"4e212232bfddd0b22735784eae06e145e349bfe8"}
,"/Users/fet/wd/phetter/neon-wallet/app/modules/metadata.js": {"path":"/Users/fet/wd/phetter/neon-wallet/app/modules/metadata.js","statementMap":{"0":{"start":{"line":2,"column":26},"end":{"line":2,"column":38}},"1":{"start":{"line":3,"column":27},"end":{"line":3,"column":40}},"2":{"start":{"line":4,"column":28},"end":{"line":4,"column":42}},"3":{"start":{"line":8,"column":18},"end":{"line":8,"column":59}},"4":{"start":{"line":9,"column":2},"end":{"line":12,"column":3}},"5":{"start":{"line":16,"column":2},"end":{"line":19,"column":3}},"6":{"start":{"line":23,"column":2},"end":{"line":26,"column":3}},"7":{"start":{"line":31,"column":2},"end":{"line":41,"column":3}},"8":{"start":{"line":33,"column":6},"end":{"line":33,"column":58}},"9":{"start":{"line":35,"column":6},"end":{"line":35,"column":39}},"10":{"start":{"line":36,"column":6},"end":{"line":36,"column":62}},"11":{"start":{"line":38,"column":6},"end":{"line":38,"column":44}},"12":{"start":{"line":40,"column":6},"end":{"line":40,"column":18}}},"fnMap":{"0":{"name":"setNetwork","decl":{"start":{"line":7,"column":16},"end":{"line":7,"column":26}},"loc":{"start":{"line":7,"column":33},"end":{"line":13,"column":1}},"line":7},"1":{"name":"setBlockHeight","decl":{"start":{"line":15,"column":16},"end":{"line":15,"column":30}},"loc":{"start":{"line":15,"column":45},"end":{"line":20,"column":1}},"line":15},"2":{"name":"setBlockExplorer","decl":{"start":{"line":22,"column":16},"end":{"line":22,"column":32}},"loc":{"start":{"line":22,"column":49},"end":{"line":27,"column":1}},"line":22},"3":{"name":"(anonymous_3)","decl":{"start":{"line":30,"column":15},"end":{"line":30,"column":16}},"loc":{"start":{"line":30,"column":104},"end":{"line":42,"column":1}},"line":30}},"branchMap":{"0":{"loc":{"start":{"line":8,"column":18},"end":{"line":8,"column":59}},"type":"cond-expr","locations":[{"start":{"line":8,"column":38},"end":{"line":8,"column":47}},{"start":{"line":8,"column":50},"end":{"line":8,"column":59}}],"line":8},"1":{"loc":{"start":{"line":30,"column":16},"end":{"line":30,"column":91}},"type":"default-arg","locations":[{"start":{"line":30,"column":24},"end":{"line":30,"column":91}}],"line":30},"2":{"loc":{"start":{"line":31,"column":2},"end":{"line":41,"column":3}},"type":"switch","locations":[{"start":{"line":32,"column":4},"end":{"line":33,"column":58}},{"start":{"line":34,"column":4},"end":{"line":36,"column":62}},{"start":{"line":37,"column":4},"end":{"line":38,"column":44}},{"start":{"line":39,"column":4},"end":{"line":40,"column":18}}],"line":31}},"s":{"0":5,"1":5,"2":5,"3":2,"4":2,"5":7,"6":1,"7":7,"8":1,"9":1,"10":1,"11":1,"12":4},"f":{"0":2,"1":7,"2":1,"3":7},"b":{"0":[0,2],"1":[7],"2":[1,1,1,4]},"_coverageSchema":"332fd63041d2c1bcb487cc26dd0d5f7d97098a6c","hash":"d86675b67ef30a6517dd8e0932a1b2ba8ea20fd2"}
,"/Users/fet/wd/phetter/neon-wallet/app/modules/rpx.js": {"path":"/Users/fet/wd/phetter/neon-wallet/app/modules/rpx.js","statementMap":{"0":{"start":{"line":2,"column":34},"end":{"line":2,"column":54}},"1":{"start":{"line":6,"column":2},"end":{"line":9,"column":3}},"2":{"start":{"line":14,"column":2},"end":{"line":19,"column":3}},"3":{"start":{"line":16,"column":6},"end":{"line":16,"column":44}},"4":{"start":{"line":18,"column":6},"end":{"line":18,"column":18}}},"fnMap":{"0":{"name":"updateRpxBalance","decl":{"start":{"line":5,"column":16},"end":{"line":5,"column":32}},"loc":{"start":{"line":5,"column":43},"end":{"line":10,"column":1}},"line":5},"1":{"name":"(anonymous_1)","decl":{"start":{"line":13,"column":15},"end":{"line":13,"column":16}},"loc":{"start":{"line":13,"column":47},"end":{"line":20,"column":1}},"line":13}},"branchMap":{"0":{"loc":{"start":{"line":13,"column":16},"end":{"line":13,"column":34}},"type":"default-arg","locations":[{"start":{"line":13,"column":24},"end":{"line":13,"column":34}}],"line":13},"1":{"loc":{"start":{"line":14,"column":2},"end":{"line":19,"column":3}},"type":"switch","locations":[{"start":{"line":15,"column":4},"end":{"line":16,"column":44}},{"start":{"line":17,"column":4},"end":{"line":18,"column":18}}],"line":14}},"s":{"0":1,"1":0,"2":3,"3":0,"4":3},"f":{"0":0,"1":3},"b":{"0":[3],"1":[0,3]},"_coverageSchema":"332fd63041d2c1bcb487cc26dd0d5f7d97098a6c","hash":"7d97ab239682e0a9fe3634a8b1b0f954d272d190"}
,"/Users/fet/wd/phetter/neon-wallet/app/modules/transactions.js": {"path":"/Users/fet/wd/phetter/neon-wallet/app/modules/transactions.js","statementMap":{"0":{"start":{"line":2,"column":32},"end":{"line":2,"column":50}},"1":{"start":{"line":3,"column":33},"end":{"line":3,"column":52}},"2":{"start":{"line":4,"column":28},"end":{"line":4,"column":42}},"3":{"start":{"line":8,"column":2},"end":{"line":12,"column":3}},"4":{"start":{"line":16,"column":2},"end":{"line":18,"column":3}},"5":{"start":{"line":22,"column":2},"end":{"line":24,"column":3}},"6":{"start":{"line":29,"column":2},"end":{"line":44,"column":3}},"7":{"start":{"line":31,"column":6},"end":{"line":31,"column":73}},"8":{"start":{"line":33,"column":6},"end":{"line":33,"column":53}},"9":{"start":{"line":36,"column":6},"end":{"line":40,"column":7}},"10":{"start":{"line":37,"column":8},"end":{"line":37,"column":21}},"11":{"start":{"line":39,"column":8},"end":{"line":39,"column":21}},"12":{"start":{"line":41,"column":6},"end":{"line":41,"column":60}},"13":{"start":{"line":43,"column":6},"end":{"line":43,"column":18}}},"fnMap":{"0":{"name":"sendEvent","decl":{"start":{"line":7,"column":16},"end":{"line":7,"column":25}},"loc":{"start":{"line":7,"column":45},"end":{"line":13,"column":1}},"line":7},"1":{"name":"clearTransactionEvent","decl":{"start":{"line":15,"column":16},"end":{"line":15,"column":37}},"loc":{"start":{"line":15,"column":41},"end":{"line":19,"column":1}},"line":15},"2":{"name":"toggleAsset","decl":{"start":{"line":21,"column":16},"end":{"line":21,"column":27}},"loc":{"start":{"line":21,"column":31},"end":{"line":25,"column":1}},"line":21},"3":{"name":"(anonymous_3)","decl":{"start":{"line":28,"column":15},"end":{"line":28,"column":16}},"loc":{"start":{"line":28,"column":91},"end":{"line":45,"column":1}},"line":28}},"branchMap":{"0":{"loc":{"start":{"line":28,"column":16},"end":{"line":28,"column":78}},"type":"default-arg","locations":[{"start":{"line":28,"column":24},"end":{"line":28,"column":78}}],"line":28},"1":{"loc":{"start":{"line":29,"column":2},"end":{"line":44,"column":3}},"type":"switch","locations":[{"start":{"line":30,"column":4},"end":{"line":31,"column":73}},{"start":{"line":32,"column":4},"end":{"line":33,"column":53}},{"start":{"line":34,"column":4},"end":{"line":41,"column":60}},{"start":{"line":42,"column":4},"end":{"line":43,"column":18}}],"line":29},"2":{"loc":{"start":{"line":36,"column":6},"end":{"line":40,"column":7}},"type":"if","locations":[{"start":{"line":36,"column":6},"end":{"line":40,"column":7}},{"start":{"line":36,"column":6},"end":{"line":40,"column":7}}],"line":36}},"s":{"0":9,"1":9,"2":9,"3":26,"4":9,"5":2,"6":7,"7":1,"8":1,"9":1,"10":1,"11":0,"12":1,"13":4},"f":{"0":26,"1":9,"2":2,"3":7},"b":{"0":[7],"1":[1,1,1,4],"2":[1,0]},"_coverageSchema":"332fd63041d2c1bcb487cc26dd0d5f7d97098a6c","hash":"35f5e67441d319f9896de5421ac9a6e95f64b97d"}
,"/Users/fet/wd/phetter/neon-wallet/app/modules/wallet.js": {"path":"/Users/fet/wd/phetter/neon-wallet/app/modules/wallet.js","statementMap":{"0":{"start":{"line":2,"column":27},"end":{"line":2,"column":40}},"1":{"start":{"line":3,"column":32},"end":{"line":3,"column":50}},"2":{"start":{"line":4,"column":27},"end":{"line":4,"column":40}},"3":{"start":{"line":5,"column":39},"end":{"line":5,"column":64}},"4":{"start":{"line":9,"column":2},"end":{"line":14,"column":3}},"5":{"start":{"line":18,"column":2},"end":{"line":21,"column":3}},"6":{"start":{"line":25,"column":2},"end":{"line":27,"column":3}},"7":{"start":{"line":31,"column":2},"end":{"line":34,"column":3}},"8":{"start":{"line":39,"column":2},"end":{"line":57,"column":3}},"9":{"start":{"line":41,"column":6},"end":{"line":41,"column":39}},"10":{"start":{"line":42,"column":6},"end":{"line":42,"column":86}},"11":{"start":{"line":44,"column":6},"end":{"line":44,"column":38}},"12":{"start":{"line":47,"column":6},"end":{"line":51,"column":7}},"13":{"start":{"line":48,"column":8},"end":{"line":48,"column":35}},"14":{"start":{"line":50,"column":8},"end":{"line":50,"column":27}},"15":{"start":{"line":52,"column":6},"end":{"line":52,"column":44}},"16":{"start":{"line":54,"column":6},"end":{"line":54,"column":58}},"17":{"start":{"line":56,"column":6},"end":{"line":56,"column":18}}},"fnMap":{"0":{"name":"setBalance","decl":{"start":{"line":8,"column":16},"end":{"line":8,"column":26}},"loc":{"start":{"line":8,"column":45},"end":{"line":15,"column":1}},"line":8},"1":{"name":"setMarketPrice","decl":{"start":{"line":17,"column":16},"end":{"line":17,"column":30}},"loc":{"start":{"line":17,"column":39},"end":{"line":22,"column":1}},"line":17},"2":{"name":"resetPrice","decl":{"start":{"line":24,"column":16},"end":{"line":24,"column":26}},"loc":{"start":{"line":24,"column":30},"end":{"line":28,"column":1}},"line":24},"3":{"name":"setTransactionHistory","decl":{"start":{"line":30,"column":16},"end":{"line":30,"column":37}},"loc":{"start":{"line":30,"column":53},"end":{"line":35,"column":1}},"line":30},"4":{"name":"(anonymous_4)","decl":{"start":{"line":38,"column":15},"end":{"line":38,"column":16}},"loc":{"start":{"line":38,"column":86},"end":{"line":58,"column":1}},"line":38}},"branchMap":{"0":{"loc":{"start":{"line":38,"column":16},"end":{"line":38,"column":73}},"type":"default-arg","locations":[{"start":{"line":38,"column":24},"end":{"line":38,"column":73}}],"line":38},"1":{"loc":{"start":{"line":39,"column":2},"end":{"line":57,"column":3}},"type":"switch","locations":[{"start":{"line":40,"column":4},"end":{"line":42,"column":86}},{"start":{"line":43,"column":4},"end":{"line":44,"column":38}},{"start":{"line":45,"column":4},"end":{"line":52,"column":44}},{"start":{"line":53,"column":4},"end":{"line":54,"column":58}},{"start":{"line":55,"column":4},"end":{"line":56,"column":18}}],"line":39},"2":{"loc":{"start":{"line":47,"column":6},"end":{"line":51,"column":7}},"type":"if","locations":[{"start":{"line":47,"column":6},"end":{"line":51,"column":7}},{"start":{"line":47,"column":6},"end":{"line":51,"column":7}}],"line":47}},"s":{"0":5,"1":5,"2":5,"3":5,"4":7,"5":1,"6":1,"7":10,"8":8,"9":1,"10":1,"11":1,"12":1,"13":1,"14":0,"15":1,"16":1,"17":4},"f":{"0":7,"1":1,"2":1,"3":10,"4":8},"b":{"0":[8],"1":[1,1,1,1,4],"2":[1,0]},"_coverageSchema":"332fd63041d2c1bcb487cc26dd0d5f7d97098a6c","hash":"0b52535e9cd26d9f75100f4fdc12c02ea5dc9e91"}
,"/Users/fet/wd/phetter/neon-wallet/app/store/reducers.js": {"path":"/Users/fet/wd/phetter/neon-wallet/app/store/reducers.js","statementMap":{},"fnMap":{},"branchMap":{},"s":{},"f":{},"b":{},"_coverageSchema":"332fd63041d2c1bcb487cc26dd0d5f7d97098a6c","hash":"bedfbe6ecb8f10728c741aab55d47c006392733c"}
,"/Users/fet/wd/phetter/neon-wallet/app/util/Logs.js": {"path":"/Users/fet/wd/phetter/neon-wallet/app/util/Logs.js","statementMap":{"0":{"start":{"line":5,"column":19},"end":{"line":5,"column":20}},"1":{"start":{"line":7,"column":19},"end":{"line":18,"column":1}},"2":{"start":{"line":8,"column":22},"end":{"line":8,"column":41}},"3":{"start":{"line":9,"column":2},"end":{"line":16,"column":4}},"4":{"start":{"line":17,"column":2},"end":{"line":17,"column":19}}},"fnMap":{"0":{"name":"(anonymous_0)","decl":{"start":{"line":7,"column":19},"end":{"line":7,"column":20}},"loc":{"start":{"line":7,"column":49},"end":{"line":18,"column":1}},"line":7}},"branchMap":{},"s":{"0":3,"1":3,"2":5,"3":5,"4":5},"f":{"0":5},"b":{},"_coverageSchema":"332fd63041d2c1bcb487cc26dd0d5f7d97098a6c","hash":"2be157aabf84bd9284bc374f4bce8c66f3f5adc9"}
}
