TN:
SF:/Users/fet/wd/phetter/neon-wallet/app/components/Claim.js
FN:12,(anonymous_0)
FN:14,(anonymous_1)
FN:17,(anonymous_2)
FN:21,(anonymous_3)
FN:27,(anonymous_4)
FN:34,(anonymous_5)
FN:47,(anonymous_6)
FN:56,(anonymous_7)
FN:61,(anonymous_8)
FN:78,(anonymous_9)
FNF:10
FNH:8
FNDA:2,(anonymous_0)
FNDA:2,(anonymous_1)
FNDA:0,(anonymous_2)
FNDA:0,(anonymous_3)
FNDA:2,(anonymous_4)
FNDA:2,(anonymous_5)
FNDA:2,(anonymous_6)
FNDA:2,(anonymous_7)
FNDA:10,(anonymous_8)
FNDA:8,(anonymous_9)
DA:12,2
DA:13,2
DA:14,2
DA:15,2
DA:16,1
DA:17,1
DA:19,1
DA:21,2
DA:27,2
DA:29,2
DA:30,0
DA:32,2
DA:33,2
DA:34,2
DA:35,2
DA:36,1
DA:38,1
DA:39,1
DA:40,1
DA:46,2
DA:48,2
DA:50,2
DA:51,2
DA:52,2
DA:57,2
DA:58,2
DA:62,10
DA:64,10
DA:65,7
DA:67,3
DA:74,10
DA:78,8
DA:89,2
DA:101,2
LF:34
LH:33
BRDA:15,0,0,1
BRDA:15,0,1,1
BRDA:29,1,0,0
BRDA:29,1,1,2
BRDA:35,2,0,1
BRDA:35,2,1,1
BRDA:35,3,0,2
BRDA:35,3,1,1
BRDA:50,4,0,2
BRDA:50,4,1,0
BRDA:50,5,0,2
BRDA:50,5,1,2
BRDA:64,6,0,7
BRDA:64,6,1,3
BRF:14
BRH:12
end_of_record
TN:
SF:/Users/fet/wd/phetter/neon-wallet/app/components/LoginNep2.js
FN:17,(anonymous_0)
FN:20,(anonymous_1)
FN:25,(anonymous_2)
FN:27,(anonymous_3)
FN:31,(anonymous_4)
FN:33,(anonymous_5)
FN:43,(anonymous_6)
FN:44,(anonymous_7)
FN:49,(anonymous_8)
FN:58,(anonymous_9)
FN:63,(anonymous_10)
FN:66,(anonymous_11)
FN:77,(anonymous_12)
FNF:13
FNH:9
FNDA:3,(anonymous_0)
FNDA:0,(anonymous_1)
FNDA:2,(anonymous_2)
FNDA:1,(anonymous_3)
FNDA:1,(anonymous_4)
FNDA:0,(anonymous_5)
FNDA:0,(anonymous_6)
FNDA:0,(anonymous_7)
FNDA:5,(anonymous_8)
FNDA:4,(anonymous_9)
FNDA:4,(anonymous_10)
FNDA:3,(anonymous_11)
FNDA:6,(anonymous_12)
DA:12,1
DA:17,1
DA:18,3
DA:19,1
DA:20,1
DA:21,1
DA:24,2
DA:25,2
DA:26,2
DA:27,2
DA:28,1
DA:29,1
DA:30,1
DA:32,1
DA:33,1
DA:38,1
DA:44,0
DA:50,5
DA:51,5
DA:53,5
DA:58,4
DA:63,4
DA:66,3
DA:77,6
DA:81,1
DA:87,1
LF:26
LH:25
BRDA:18,0,0,1
BRDA:18,0,1,2
BRDA:58,1,0,0
BRDA:58,1,1,5
BRDA:59,2,0,0
BRDA:59,2,1,5
BRDA:69,3,0,5
BRDA:69,3,1,1
BRF:8
BRH:6
end_of_record
TN:
SF:/Users/fet/wd/phetter/neon-wallet/app/components/LoginPrivateKey.js
FN:17,(anonymous_0)
FN:18,(anonymous_1)
FN:23,(anonymous_2)
FN:31,(anonymous_3)
FN:38,(anonymous_4)
FN:72,(anonymous_5)
FN:77,(anonymous_6)
FN:81,(anonymous_7)
FN:91,(anonymous_8)
FN:99,(anonymous_9)
FNF:10
FNH:5
FNDA:1,(anonymous_0)
FNDA:1,(anonymous_1)
FNDA:0,(anonymous_2)
FNDA:0,(anonymous_3)
FNDA:2,(anonymous_4)
FNDA:2,(anonymous_5)
FNDA:2,(anonymous_6)
FNDA:0,(anonymous_7)
FNDA:0,(anonymous_8)
FNDA:0,(anonymous_9)
DA:18,1
DA:24,0
DA:26,0
DA:32,0
DA:33,0
DA:35,0
DA:39,2
DA:40,2
DA:42,2
DA:65,1
DA:72,2
DA:77,1
DA:78,2
DA:82,0
DA:85,0
DA:87,0
DA:89,0
DA:94,0
DA:95,0
DA:96,0
DA:98,0
DA:99,0
LF:22
LH:8
BRDA:47,0,0,1
BRDA:47,0,1,1
BRDA:49,1,0,1
BRDA:49,1,1,1
BRDA:94,2,0,0
BRDA:94,2,1,0
BRDA:94,3,0,0
BRDA:94,3,1,0
BRF:8
BRH:4
end_of_record
TN:
SF:/Users/fet/wd/phetter/neon-wallet/app/components/Logout.js
FN:9,(anonymous_0)
FN:10,(anonymous_1)
FN:17,(anonymous_2)
FNF:3
FNH:3
FNDA:2,(anonymous_0)
FNDA:1,(anonymous_1)
FNDA:2,(anonymous_2)
DA:9,1
DA:10,2
DA:17,2
DA:20,1
DA:24,1
LF:5
LH:5
BRF:0
BRH:0
end_of_record
TN:
SF:/Users/fet/wd/phetter/neon-wallet/app/components/NetworkSwitch.js
FN:16,(anonymous_0)
FN:18,(anonymous_1)
FN:23,(anonymous_2)
FN:25,(anonymous_3)
FN:31,(anonymous_4)
FN:32,(anonymous_5)
FN:41,(anonymous_6)
FN:45,(anonymous_7)
FN:47,(anonymous_8)
FN:54,(anonymous_9)
FN:58,(anonymous_10)
FN:63,(anonymous_11)
FN:65,(anonymous_12)
FN:72,(anonymous_13)
FN:73,(anonymous_14)
FN:78,(anonymous_15)
FN:79,(anonymous_16)
FN:93,(anonymous_17)
FN:97,(anonymous_18)
FN:102,(anonymous_19)
FN:117,(anonymous_20)
FN:123,(anonymous_21)
FN:128,(anonymous_22)
FN:134,(anonymous_23)
FNF:24
FNH:19
FNDA:2,(anonymous_0)
FNDA:2,(anonymous_1)
FNDA:0,(anonymous_2)
FNDA:0,(anonymous_3)
FNDA:6,(anonymous_4)
FNDA:6,(anonymous_5)
FNDA:6,(anonymous_6)
FNDA:6,(anonymous_7)
FNDA:6,(anonymous_8)
FNDA:0,(anonymous_9)
FNDA:0,(anonymous_10)
FNDA:6,(anonymous_11)
FNDA:6,(anonymous_12)
FNDA:6,(anonymous_13)
FNDA:6,(anonymous_14)
FNDA:9,(anonymous_15)
FNDA:9,(anonymous_16)
FNDA:4,(anonymous_17)
FNDA:0,(anonymous_18)
FNDA:1,(anonymous_19)
FNDA:2,(anonymous_20)
FNDA:2,(anonymous_21)
FNDA:1,(anonymous_22)
FNDA:4,(anonymous_23)
DA:12,3
DA:16,3
DA:17,2
DA:18,2
DA:19,2
DA:21,2
DA:22,0
DA:23,0
DA:31,3
DA:32,6
DA:33,6
DA:34,6
DA:35,6
DA:41,3
DA:42,6
DA:43,6
DA:44,6
DA:45,6
DA:46,6
DA:47,6
DA:48,6
DA:49,0
DA:51,6
DA:53,6
DA:55,0
DA:56,0
DA:63,3
DA:64,6
DA:65,6
DA:66,6
DA:68,6
DA:72,3
DA:73,6
DA:74,6
DA:78,3
DA:79,9
DA:80,9
DA:81,9
DA:82,0
DA:83,0
DA:85,0
DA:86,0
DA:89,9
DA:93,3
DA:94,4
DA:95,3
DA:97,4
DA:98,0
DA:102,3
DA:104,1
DA:105,1
DA:107,0
DA:109,1
DA:110,1
DA:111,1
DA:112,1
DA:116,3
DA:118,2
DA:119,2
DA:120,2
DA:124,2
DA:125,2
DA:128,1
DA:134,4
DA:139,3
DA:145,3
LF:66
LH:55
BRDA:19,0,0,0
BRDA:19,0,1,2
BRDA:19,1,0,2
BRDA:19,1,1,2
BRDA:21,2,0,0
BRDA:21,2,1,2
BRDA:21,3,0,2
BRDA:21,3,1,0
BRDA:48,4,0,0
BRDA:48,4,1,6
BRDA:48,5,0,6
BRDA:48,5,1,6
BRDA:82,6,0,0
BRDA:82,6,1,0
BRDA:85,7,0,0
BRDA:85,7,1,0
BRDA:94,8,0,3
BRDA:94,8,1,1
BRDA:104,9,0,1
BRDA:104,9,1,0
BRDA:111,10,0,1
BRDA:111,10,1,0
BRF:22
BRH:12
end_of_record
TN:
SF:/Users/fet/wd/phetter/neon-wallet/app/components/Send.js
FN:14,(anonymous_0)
FN:19,(anonymous_1)
FN:24,(anonymous_2)
FN:29,(anonymous_3)
FN:33,(anonymous_4)
FN:37,(anonymous_5)
FN:41,(anonymous_6)
FN:48,(anonymous_7)
FN:55,(anonymous_8)
FN:63,(anonymous_9)
FN:72,(anonymous_10)
FN:79,(anonymous_11)
FN:80,(anonymous_12)
FN:82,(anonymous_13)
FN:92,(anonymous_14)
FN:102,(anonymous_15)
FN:105,(anonymous_16)
FN:107,(anonymous_17)
FN:111,(anonymous_18)
FN:113,(anonymous_19)
FN:114,(anonymous_20)
FN:119,(anonymous_21)
FNF:22
FNH:18
FNDA:8,(anonymous_0)
FNDA:1,(anonymous_1)
FNDA:0,(anonymous_2)
FNDA:1,(anonymous_3)
FNDA:1,(anonymous_4)
FNDA:1,(anonymous_5)
FNDA:1,(anonymous_6)
FNDA:7,(anonymous_7)
FNDA:1,(anonymous_8)
FNDA:0,(anonymous_9)
FNDA:1,(anonymous_10)
FNDA:1,(anonymous_11)
FNDA:0,(anonymous_12)
FNDA:0,(anonymous_13)
FNDA:5,(anonymous_14)
FNDA:3,(anonymous_15)
FNDA:3,(anonymous_16)
FNDA:1,(anonymous_17)
FNDA:7,(anonymous_18)
FNDA:1,(anonymous_19)
FNDA:3,(anonymous_20)
FNDA:6,(anonymous_21)
DA:14,1
DA:16,8
DA:17,8
DA:18,1
DA:19,1
DA:20,1
DA:23,0
DA:24,0
DA:25,0
DA:27,7
DA:28,1
DA:29,1
DA:30,1
DA:31,6
DA:32,1
DA:33,1
DA:34,1
DA:35,5
DA:36,1
DA:37,1
DA:38,1
DA:39,4
DA:40,1
DA:41,1
DA:42,1
DA:44,3
DA:48,1
DA:49,7
DA:50,2
DA:55,1
DA:57,1
DA:58,1
DA:59,0
DA:60,0
DA:62,0
DA:63,0
DA:64,0
DA:67,1
DA:68,1
DA:69,1
DA:70,1
DA:71,1
DA:72,1
DA:73,1
DA:74,0
DA:76,1
DA:77,1
DA:79,1
DA:81,0
DA:82,0
DA:86,1
DA:87,1
DA:88,1
DA:89,1
DA:92,1
DA:94,5
DA:95,5
DA:97,0
DA:99,5
DA:102,3
DA:105,3
DA:107,1
DA:111,7
DA:113,1
DA:114,3
DA:119,6
DA:129,1
DA:141,1
LF:68
LH:56
BRDA:17,0,0,1
BRDA:17,0,1,7
BRDA:17,1,0,8
BRDA:17,1,1,8
BRDA:27,2,0,1
BRDA:27,2,1,6
BRDA:27,3,0,7
BRDA:27,3,1,5
BRDA:31,4,0,1
BRDA:31,4,1,5
BRDA:31,5,0,6
BRDA:31,5,1,4
BRDA:35,6,0,1
BRDA:35,6,1,4
BRDA:35,7,0,5
BRDA:35,7,1,2
BRDA:39,8,0,1
BRDA:39,8,1,3
BRDA:49,9,0,2
BRDA:49,9,1,5
BRDA:57,10,0,1
BRDA:57,10,1,0
BRDA:59,11,0,0
BRDA:59,11,1,0
BRDA:67,12,0,1
BRDA:67,12,1,0
BRDA:73,13,0,0
BRDA:73,13,1,1
BRDA:73,14,0,1
BRDA:73,14,1,1
BRDA:94,15,0,5
BRDA:94,15,1,0
BRF:32
BRH:26
end_of_record
TN:
SF:/Users/fet/wd/phetter/neon-wallet/app/components/TransactionHistory.js
FN:8,(anonymous_0)
FN:27,(anonymous_1)
FN:32,(anonymous_2)
FN:37,(anonymous_3)
FN:44,(anonymous_4)
FN:45,(anonymous_5)
FN:51,(anonymous_6)
FN:63,(anonymous_7)
FNF:8
FNH:5
FNDA:0,(anonymous_0)
FNDA:0,(anonymous_1)
FNDA:2,(anonymous_2)
FNDA:2,(anonymous_3)
FNDA:2,(anonymous_4)
FNDA:1,(anonymous_5)
FNDA:0,(anonymous_6)
FNDA:4,(anonymous_7)
DA:8,1
DA:10,0
DA:11,0
DA:12,0
DA:14,0
DA:17,0
DA:18,0
DA:20,0
DA:23,0
DA:27,1
DA:28,0
DA:31,1
DA:33,2
DA:34,2
DA:38,2
DA:39,2
DA:45,2
DA:46,2
DA:47,2
DA:51,0
DA:63,4
DA:70,1
DA:79,1
LF:23
LH:13
BRDA:10,0,0,0
BRDA:10,0,1,0
BRDA:11,1,0,0
BRDA:11,1,1,0
BRDA:17,2,0,0
BRDA:17,2,1,0
BRDA:46,3,0,1
BRDA:46,3,1,1
BRF:8
BRH:2
end_of_record
TN:
SF:/Users/fet/wd/phetter/neon-wallet/app/components/WalletInfo.js
FN:15,(anonymous_0)
FN:17,(anonymous_1)
FN:19,(anonymous_2)
FN:24,(anonymous_3)
FN:27,(anonymous_4)
FN:32,(anonymous_5)
FN:42,(anonymous_6)
FN:57,(anonymous_7)
FN:69,(anonymous_8)
FN:75,(anonymous_9)
FNF:10
FNH:9
FNDA:1,(anonymous_0)
FNDA:1,(anonymous_1)
FNDA:1,(anonymous_2)
FNDA:4,(anonymous_3)
FNDA:0,(anonymous_4)
FNDA:4,(anonymous_5)
FNDA:1,(anonymous_6)
FNDA:1,(anonymous_7)
FNDA:2,(anonymous_8)
FNDA:5,(anonymous_9)
DA:15,1
DA:16,1
DA:17,1
DA:18,1
DA:19,1
DA:23,1
DA:25,4
DA:26,4
DA:27,4
DA:28,0
DA:33,4
DA:34,4
DA:35,0
DA:37,4
DA:42,1
DA:57,1
DA:69,2
DA:75,5
DA:83,1
DA:92,1
LF:20
LH:18
BRDA:28,0,0,0
BRDA:28,0,1,0
BRDA:34,1,0,0
BRDA:34,1,1,4
BRF:4
BRH:1
end_of_record
TN:
SF:/Users/fet/wd/phetter/neon-wallet/app/modules/account.js
FN:10,login
FN:17,logout
FN:23,decrypting
FN:30,setKeys
FN:38,(anonymous_4)
FNF:5
FNH:3
FNDA:1,login
FNDA:2,logout
FNDA:0,decrypting
FNDA:0,setKeys
FNDA:3,(anonymous_4)
DA:4,4
DA:5,4
DA:6,4
DA:7,4
DA:11,1
DA:18,2
DA:24,0
DA:31,0
DA:39,3
DA:42,0
DA:43,0
DA:44,0
DA:45,0
DA:46,0
DA:48,0
DA:50,0
DA:52,0
DA:54,0
DA:56,3
LF:19
LH:8
BRDA:38,0,0,3
BRDA:39,1,0,0
BRDA:39,1,1,0
BRDA:39,1,2,0
BRDA:39,1,3,0
BRDA:39,1,4,3
BRDA:45,2,0,0
BRDA:45,2,1,0
BRDA:45,3,0,0
BRDA:45,3,1,0
BRDA:45,3,2,0
BRF:11
BRH:2
end_of_record
TN:
SF:/Users/fet/wd/phetter/neon-wallet/app/modules/claim.js
FN:7,setClaim
FN:15,setClaimRequest
FN:22,disableClaim
FN:30,(anonymous_3)
FNF:4
FNH:4
FNDA:6,setClaim
FNDA:5,setClaimRequest
FNDA:1,disableClaim
FNDA:3,(anonymous_3)
DA:2,5
DA:3,5
DA:4,5
DA:8,6
DA:16,5
DA:23,1
DA:31,3
DA:33,0
DA:34,0
DA:36,0
DA:37,0
DA:38,0
DA:40,0
DA:41,0
DA:43,0
DA:45,3
LF:16
LH:8
BRDA:30,0,0,3
BRDA:31,1,0,0
BRDA:31,1,1,0
BRDA:31,1,2,0
BRDA:31,1,3,3
BRDA:37,2,0,0
BRDA:37,2,1,0
BRDA:37,3,0,0
BRDA:37,3,1,0
BRF:9
BRH:2
end_of_record
TN:
SF:/Users/fet/wd/phetter/neon-wallet/app/modules/dashboard.js
FN:5,togglePane
FN:13,(anonymous_1)
FNF:2
FNH:2
FNDA:4,togglePane
FNDA:5,(anonymous_1)
DA:2,3
DA:6,4
DA:14,5
DA:16,1
DA:17,1
DA:18,1
DA:20,4
LF:7
LH:7
BRDA:13,0,0,5
BRDA:14,1,0,1
BRDA:14,1,1,4
BRF:3
BRH:3
end_of_record
TN:
SF:/Users/fet/wd/phetter/neon-wallet/app/modules/generateWallet.js
FN:10,newWalletKeys
FN:17,newWallet
FN:27,generating
FN:34,resetKey
FN:41,(anonymous_4)
FNF:5
FNH:5
FNDA:1,newWalletKeys
FNDA:1,newWallet
FNDA:1,generating
FNDA:1,resetKey
FNDA:8,(anonymous_4)
DA:4,2
DA:5,2
DA:6,2
DA:7,2
DA:11,1
DA:18,1
DA:28,1
DA:35,1
DA:42,8
DA:44,1
DA:45,1
DA:46,1
DA:47,1
DA:48,1
DA:50,1
DA:52,1
DA:54,1
DA:56,4
LF:18
LH:18
BRDA:41,0,0,8
BRDA:42,1,0,1
BRDA:42,1,1,1
BRDA:42,1,2,1
BRDA:42,1,3,1
BRDA:42,1,4,4
BRF:6
BRH:6
end_of_record
TN:
SF:/Users/fet/wd/phetter/neon-wallet/app/modules/metadata.js
FN:7,setNetwork
FN:15,setBlockHeight
FN:22,setBlockExplorer
FN:30,(anonymous_3)
FNF:4
FNH:4
FNDA:2,setNetwork
FNDA:7,setBlockHeight
FNDA:1,setBlockExplorer
FNDA:7,(anonymous_3)
DA:2,5
DA:3,5
DA:4,5
DA:8,2
DA:9,2
DA:16,7
DA:23,1
DA:31,7
DA:33,1
DA:35,1
DA:36,1
DA:38,1
DA:40,4
LF:13
LH:13
BRDA:8,0,0,0
BRDA:8,0,1,2
BRDA:30,1,0,7
BRDA:31,2,0,1
BRDA:31,2,1,1
BRDA:31,2,2,1
BRDA:31,2,3,4
BRF:7
BRH:6
end_of_record
TN:
SF:/Users/fet/wd/phetter/neon-wallet/app/modules/rpx.js
FN:5,updateRpxBalance
FN:13,(anonymous_1)
FNF:2
FNH:1
FNDA:0,updateRpxBalance
FNDA:3,(anonymous_1)
DA:2,1
DA:6,0
DA:14,3
DA:16,0
DA:18,3
LF:5
LH:3
BRDA:13,0,0,3
BRDA:14,1,0,0
BRDA:14,1,1,3
BRF:3
BRH:2
end_of_record
TN:
SF:/Users/fet/wd/phetter/neon-wallet/app/modules/transactions.js
FN:7,sendEvent
FN:15,clearTransactionEvent
FN:21,toggleAsset
FN:28,(anonymous_3)
FNF:4
FNH:4
FNDA:26,sendEvent
FNDA:9,clearTransactionEvent
FNDA:2,toggleAsset
FNDA:7,(anonymous_3)
DA:2,9
DA:3,9
DA:4,9
DA:8,26
DA:16,9
DA:22,2
DA:29,7
DA:31,1
DA:33,1
DA:36,1
DA:37,1
DA:39,0
DA:41,1
DA:43,4
LF:14
LH:13
BRDA:28,0,0,7
BRDA:29,1,0,1
BRDA:29,1,1,1
BRDA:29,1,2,1
BRDA:29,1,3,4
BRDA:36,2,0,1
BRDA:36,2,1,0
BRF:7
BRH:6
end_of_record
TN:
SF:/Users/fet/wd/phetter/neon-wallet/app/modules/wallet.js
FN:8,setBalance
FN:17,setMarketPrice
FN:24,resetPrice
FN:30,setTransactionHistory
FN:38,(anonymous_4)
FNF:5
FNH:5
FNDA:7,setBalance
FNDA:1,setMarketPrice
FNDA:1,resetPrice
FNDA:10,setTransactionHistory
FNDA:8,(anonymous_4)
DA:2,5
DA:3,5
DA:4,5
DA:5,5
DA:9,7
DA:18,1
DA:25,1
DA:31,10
DA:39,8
DA:41,1
DA:42,1
DA:44,1
DA:47,1
DA:48,1
DA:50,0
DA:52,1
DA:54,1
DA:56,4
LF:18
LH:17
BRDA:38,0,0,8
BRDA:39,1,0,1
BRDA:39,1,1,1
BRDA:39,1,2,1
BRDA:39,1,3,1
BRDA:39,1,4,4
BRDA:47,2,0,1
BRDA:47,2,1,0
BRF:8
BRH:7
end_of_record
TN:
SF:/Users/fet/wd/phetter/neon-wallet/app/store/reducers.js
FNF:0
FNH:0
LF:0
LH:0
BRF:0
BRH:0
end_of_record
TN:
SF:/Users/fet/wd/phetter/neon-wallet/app/util/Logs.js
FN:7,(anonymous_0)
FNF:1
FNH:1
FNDA:5,(anonymous_0)
DA:5,3
DA:7,3
DA:8,5
DA:9,5
DA:17,5
LF:5
LH:5
BRF:0
BRH:0
end_of_record
